2022-03-09 08:49:24 [scrapy] DEBUG: Crawled (200) <GET https://polymer-additives.specialchem.com/selectors?q=antioxsidant> (referer: None)
2022-03-09 08:49:24 [scrapy] DEBUG: Scraped from <200 https://polymer-additives.specialchem.com/selectors?q=antioxsidant>
{'paginate': {'count': 1}, 'products': []}
2022-03-09 08:49:24 [scrapy] INFO: Closing spider (finished)
2022-03-09 08:49:24 [scrapy] INFO: Dumping Scrapy stats:
{'downloader/request_bytes': 257,
 'downloader/request_count': 1,
 'downloader/request_method_count/GET': 1,
 'downloader/response_bytes': 11502,
 'downloader/response_count': 1,
 'downloader/response_status_count/200': 1,
 'elapsed_time_seconds': 0.747785,
 'finish_reason': 'finished',
 'finish_time': datetime.datetime(2022, 3, 9, 5, 19, 24, 699837),
 'httpcompression/response_bytes': 33318,
 'httpcompression/response_count': 1,
 'item_scraped_count': 1,
 'log_count/DEBUG': 2,
 'log_count/INFO': 7,
 'memusage/max': 57675776,
 'memusage/startup': 57675776,
 'response_received_count': 1,
 'scheduler/dequeued': 1,
 'scheduler/dequeued/memory': 1,
 'scheduler/enqueued': 1,
 'scheduler/enqueued/memory': 1,
 'start_time': datetime.datetime(2022, 3, 9, 5, 19, 23, 952052)}
2022-03-09 08:49:24 [scrapy] INFO: Spider closed (finished)
