2022-03-09 09:06:17 [scrapy] DEBUG: Crawled (200) <GET https://polymer-additives.specialchem.com/selectors?q=cdcsc> (referer: None)
2022-03-09 09:06:17 [scrapy] DEBUG: Scraped from <200 https://polymer-additives.specialchem.com/selectors?q=cdcsc>
{'paginate': {'count': 1}, 'products': []}
2022-03-09 09:06:17 [scrapy] INFO: Closing spider (finished)
2022-03-09 09:06:17 [scrapy] INFO: Dumping Scrapy stats:
{'downloader/request_bytes': 250,
 'downloader/request_count': 1,
 'downloader/request_method_count/GET': 1,
 'downloader/response_bytes': 10195,
 'downloader/response_count': 1,
 'downloader/response_status_count/200': 1,
 'elapsed_time_seconds': 0.703489,
 'finish_reason': 'finished',
 'finish_time': datetime.datetime(2022, 3, 9, 5, 36, 17, 841973),
 'httpcompression/response_bytes': 29191,
 'httpcompression/response_count': 1,
 'item_scraped_count': 1,
 'log_count/DEBUG': 2,
 'log_count/INFO': 7,
 'memusage/max': 78278656,
 'memusage/startup': 78278656,
 'response_received_count': 1,
 'scheduler/dequeued': 1,
 'scheduler/dequeued/memory': 1,
 'scheduler/enqueued': 1,
 'scheduler/enqueued/memory': 1,
 'start_time': datetime.datetime(2022, 3, 9, 5, 36, 17, 138484)}
2022-03-09 09:06:17 [scrapy] INFO: Spider closed (finished)
