2022-03-09 09:05:53 [scrapy] DEBUG: Crawled (200) <GET https://polymer-additives.specialchem.com/selectors?q=undefined> (referer: None)
2022-03-09 09:05:54 [scrapy] DEBUG: Scraped from <200 https://polymer-additives.specialchem.com/selectors?q=undefined>
{'paginate': {'count': 1}, 'products': []}
2022-03-09 09:05:54 [scrapy] INFO: Closing spider (finished)
2022-03-09 09:05:54 [scrapy] INFO: Dumping Scrapy stats:
{'downloader/request_bytes': 254,
 'downloader/request_count': 1,
 'downloader/request_method_count/GET': 1,
 'downloader/response_bytes': 12009,
 'downloader/response_count': 1,
 'downloader/response_status_count/200': 1,
 'elapsed_time_seconds': 0.734334,
 'finish_reason': 'finished',
 'finish_time': datetime.datetime(2022, 3, 9, 5, 35, 54, 89104),
 'httpcompression/response_bytes': 34928,
 'httpcompression/response_count': 1,
 'item_scraped_count': 1,
 'log_count/DEBUG': 2,
 'log_count/INFO': 7,
 'memusage/max': 78278656,
 'memusage/startup': 78278656,
 'response_received_count': 1,
 'scheduler/dequeued': 1,
 'scheduler/dequeued/memory': 1,
 'scheduler/enqueued': 1,
 'scheduler/enqueued/memory': 1,
 'start_time': datetime.datetime(2022, 3, 9, 5, 35, 53, 354770)}
2022-03-09 09:05:54 [scrapy] INFO: Spider closed (finished)
