2022-03-09 11:02:38 [scrapy] DEBUG: Crawled (200) <GET https://polymer-additives.specialchem.com/selectors?q=sdscsd> (referer: None)
2022-03-09 11:02:39 [scrapy] DEBUG: Scraped from <200 https://polymer-additives.specialchem.com/selectors?q=sdscsd>
{'paginate': {'count': 1, 'total': '0'}, 'products': []}
2022-03-09 11:02:39 [scrapy] INFO: Closing spider (finished)
2022-03-09 11:02:39 [scrapy] INFO: Dumping Scrapy stats:
{'downloader/request_bytes': 251,
 'downloader/request_count': 1,
 'downloader/request_method_count/GET': 1,
 'downloader/response_bytes': 11525,
 'downloader/response_count': 1,
 'downloader/response_status_count/200': 1,
 'elapsed_time_seconds': 0.95936,
 'finish_reason': 'finished',
 'finish_time': datetime.datetime(2022, 3, 9, 7, 32, 39, 29410),
 'httpcompression/response_bytes': 33338,
 'httpcompression/response_count': 1,
 'item_scraped_count': 1,
 'log_count/DEBUG': 2,
 'log_count/INFO': 7,
 'memusage/max': 54734848,
 'memusage/startup': 54730752,
 'response_received_count': 1,
 'scheduler/dequeued': 1,
 'scheduler/dequeued/memory': 1,
 'scheduler/enqueued': 1,
 'scheduler/enqueued/memory': 1,
 'start_time': datetime.datetime(2022, 3, 9, 7, 32, 38, 70050)}
2022-03-09 11:02:39 [scrapy] INFO: Spider closed (finished)
