2022-03-11 12:27:40 [scrapy] DEBUG: Crawled (200) <GET https://polymer-additives.specialchem.com/selectors?q=&indexpage=1> (referer: None)
2022-03-11 12:27:40 [scrapy] DEBUG: Scraped from <200 https://polymer-additives.specialchem.com/selectors?q=&indexpage=1>
{'paginate': {'count': 8, 'total': '52482'}, 'products': [{'productName': 'Tinuvin® XT 55 ', 'supplier': '\nBASF \n', 'description': '\nTinuvin® XT 55 by BASF is a hindered amine light stabilizer (HALS). It is a high-performance light stabilizer, which imparts outstanding weatherability to polyolefins. The main advantage of Tinuvin®...\n', 'url': '/product/a-basf-tinuvin-xt-55'}, {'productName': 'Chimassorb® 2020 ', 'supplier': '\nBASF \n', 'description': '\nChimassorb® 2020 by BASF is a high molecular weight hindered amine light stabilizer (HALS). Offers an optimal combination of exceptional levels of UV- and long-term thermal stability and ancillary...\n', 'url': '/product/a-basf-chimassorb-2020'}, {'productName': 'Tinuvin® 1600 ', 'supplier': '\nBASF \n', 'description': '\nTinuvin® 1600 by BASF is 2-hydroxyphenyl-s-triazine derivative. It acts as an ultraviolet light absorber (UVA). It exhibits very low volatility, excellent thermal stability and high extinction...\n', 'url': '/product/a-basf-tinuvin-1600'}, {'productName': 'Tinuvin® NOR® 356 ', 'supplier': '\nBASF \n', 'description': '\nTinuvin® NOR® 356 by BASF is a high molecular hindered amine NOR light stabilizer. It has been designed for agricultural plastic applications in contact with high concentration of chemicals...\n', 'url': '/product/a-basf-tinuvin-nor-356'}, {'productName': 'Tinuvin® NOR® 371 ', 'supplier': '\nBASF \n', 'description': '\nTinuvin® NOR® 371 by BASF is a high molecular weight hindered amine NOR stabilizer (NOR HALS). This high-performing light stabilizer is particularly well suited for applications in contact with...\n', 'url': '/product/a-basf-tinuvin-nor-371'}, {'productName': 'BYK-MAX HS 4342 ', 'supplier': '\nBYK \n', 'description': '\nBYK-MAX HS 4342 by BYK is a non-adhesive granulate, dust-free, easy to handle, long-term thermal stabilizer based on organic stabilizers, carbon black and SCONA coupling agents for use in PP-GF...\n', 'url': '/product/a-byk-byk-max-hs-4342'}, {'productName': 'BYK-MAX HS 4301 ', 'supplier': '\nBYK \n', 'description': '\nBYK-MAX HS 4301 by BYK is a granulated, VOC-free, long-term thermal stabilizer for use in polypropylene compounds. It consists of a combination of thermal stabilizers. The thermal stabilizers...\n', 'url': '/product/a-byk-byk-max-hs-4301'}, {'productName': 'BYK-MAX LS 4125 ', 'supplier': '\nBYK \n', 'description': '\nBYK-MAX LS 4125 by BYK is a safe, easy to handle, VOC-free, dust-free, granulated UV stabilizer for the use in polyolefins to improve the long-term UV stability with low blooming. It offers...\n', 'url': '/product/a-byk-byk-max-ls-4125'}, {'productName': 'BYK-MAX FR 4143 ', 'supplier': '\nBYK \n', 'description': '\nBYK-MAX FR 4143 by BYK is a compacted, easy to handle, halogen- & antimony-free, flame retardant for polyolefins in compounding, extrusion or injection molding processes. This highly effective...\n', 'url': '/product/a-byk-byk-max-fr-4143'}, {'productName': 'AQUACER® 531 ', 'supplier': '\nBYK \n', 'description': '\nAQUACER® 531 by BYK is a non-ionic emulsion of modified polyethylene wax containing water as a carrier. It acts as an anti-caking additive for thermoplastics. It is used in the underwater...\n', 'url': '/product/a-byk-aquacer-531'}, {'productName': 'Raven 5100 Ultra ', 'supplier': '\nBirla Carbon \n', 'description': '\nRaven 5100 Ultra by Birla Carbon is a next generation, piano carbon black for high end plastic applications. It offers ultra high jetness with attractive blue undertone. It is easy to handle and...\n', 'url': '/product/a-birla-carbon-raven-5100-ultra'}, {'productName': 'Raven 2350 Ultra ', 'supplier': '\nBirla Carbon \n', 'description': '\nRaven 2350 Ultra by Birla Carbon is a carbon black grade with high jetness. Offers an attractive blue tone, small particle size and excellent UV protection. Provides high loading, easy...\n', 'url': '/product/p-birla-carbon-raven-2350-ultra'}, {'productName': 'Raven FC1 ', 'supplier': '\nBirla Carbon \n', 'description': '\nRaven FC1 by Birla Carbon is a high performance, carbon black grade with high purity. It offers extremely low physical impurities, easy dispersability, long screen life, smooth surface finish and...\n', 'url': '/product/p-birla-carbon-raven-fc1'}, {'productName': 'Raven PFEB ', 'supplier': '\nBirla Carbon \n', 'description': '\nRaven PFEB by Birla Carbon is a specialty carbon black. It is designed to be incorporated into thermosets or thermoplastics for improving color, tint, or functional characteristics. Raven PFEB is...\n', 'url': '/product/p-birla-carbon-raven-pfeb'}, {'productName': 'Raven 880 ', 'supplier': '\nBirla Carbon \n', 'description': '\nRaven 880 by Birla Carbon is a specialty carbon black. Exhibits easy dispersion, good chemical cleanliness and longer screen life. Offers low level of ash & residue, smooth surface finish and...\n', 'url': '/product/p-birla-carbon-raven-880'}, {'productName': 'BRUGGOLEN® TP-H1607 ', 'supplier': '\nBrüggemann \n', 'description': '\nBRUGGOLEN® TP-H1607 by Brüggemann is a copper iodide-based heat stabilizer for polyamides. This antioxidant blend exhibits extended stabilization of the mechanical properties over a broad...\n', 'url': '/product/a-bruggemann-bruggolen-tp-h1607'}, {'productName': 'BRUGGOLEN® TP-H1803 ', 'supplier': '\nBrüggemann \n', 'description': '\nBRUGGOLEN® TP-H1803 by Brüggemann is a phosphonate and phenolic-based heat stabilizer for polyamides. It contains a small amount of copper complex with synergist. It offers stabilization of...\n', 'url': '/product/a-bruggemann-bruggolen-tp-h1803'}, {'productName': 'BRUGGOLEN® TP-H1805 ', 'supplier': '\nBrüggemann \n', 'description': '\nBRUGGOLEN® TP-H1805 by Brüggemann is an easily processable, copper-based high heat stabilizer. It is a very effective protection agent and antioxidant against long-term high heat aging of aliphatic...\n', 'url': '/product/a-bruggemann-bruggolen-tp-h1805'}, {'productName': 'BRUGGOLEN® TP-P1810 ', 'supplier': '\nBrüggemann \n', 'description': '\nBRUGGOLEN® TP-P1810 by Brüggemann is a flow enhancer and processing auxiliary. It offers superior melt flow in (highly) filled semi-aromatic polyamides (significantly longer spiral flow length)...\n', 'url': '/product/a-bruggemann-bruggolen-tp-p1810'}, {'productName': 'AP-NYLON® Caprolactam (Flakes) ', 'supplier': '\nBrüggemann \n', 'description': '\nAP-NYLON® Caprolactam (Flakes) by Brüggemann is caprolactam with low moisture content. It is specifically used as raw material in the anionic polymerization of polyamide 6. It is suitable for use in...\n', 'url': '/product/m-bruggemann-ap-nylon-caprolactam-flakes'}]}
2022-03-11 12:27:40 [scrapy] INFO: Closing spider (finished)
2022-03-11 12:27:40 [scrapy] INFO: Dumping Scrapy stats:
{'downloader/request_bytes': 257,
 'downloader/request_count': 1,
 'downloader/request_method_count/GET': 1,
 'downloader/response_bytes': 17594,
 'downloader/response_count': 1,
 'downloader/response_status_count/200': 1,
 'elapsed_time_seconds': 0.749848,
 'finish_reason': 'finished',
 'finish_time': datetime.datetime(2022, 3, 11, 8, 57, 40, 390590),
 'httpcompression/response_bytes': 89090,
 'httpcompression/response_count': 1,
 'item_scraped_count': 1,
 'log_count/DEBUG': 2,
 'log_count/INFO': 7,
 'memusage/max': 91234304,
 'memusage/startup': 91234304,
 'response_received_count': 1,
 'scheduler/dequeued': 1,
 'scheduler/dequeued/memory': 1,
 'scheduler/enqueued': 1,
 'scheduler/enqueued/memory': 1,
 'start_time': datetime.datetime(2022, 3, 11, 8, 57, 39, 640742)}
2022-03-11 12:27:40 [scrapy] INFO: Spider closed (finished)
