2022-03-12 15:35:12 [scrapy] DEBUG: Crawled (200) <GET https://polymer-additives.specialchem.com/selectors?q=tinu&indexpage=1> (referer: None)
2022-03-12 15:35:13 [scrapy] DEBUG: Scraped from <200 https://polymer-additives.specialchem.com/selectors?q=tinu&indexpage=1>
{'paginate': {'count': 1, 'total': '0'}, 'products': []}
2022-03-12 15:35:13 [scrapy] INFO: Closing spider (finished)
2022-03-12 15:35:13 [scrapy] INFO: Dumping Scrapy stats:
{'downloader/request_bytes': 261,
 'downloader/request_count': 1,
 'downloader/request_method_count/GET': 1,
 'downloader/response_bytes': 12761,
 'downloader/response_count': 1,
 'downloader/response_status_count/200': 1,
 'elapsed_time_seconds': 1.072784,
 'finish_reason': 'finished',
 'finish_time': datetime.datetime(2022, 3, 12, 12, 5, 13, 93733),
 'httpcompression/response_bytes': 38703,
 'httpcompression/response_count': 1,
 'item_scraped_count': 1,
 'log_count/DEBUG': 2,
 'log_count/INFO': 7,
 'memusage/max': 88694784,
 'memusage/startup': 88694784,
 'response_received_count': 1,
 'scheduler/dequeued': 1,
 'scheduler/dequeued/memory': 1,
 'scheduler/enqueued': 1,
 'scheduler/enqueued/memory': 1,
 'start_time': datetime.datetime(2022, 3, 12, 12, 5, 12, 20949)}
2022-03-12 15:35:13 [scrapy] INFO: Spider closed (finished)
