2022-03-08 13:13:57 [scrapy] DEBUG: Crawled (200) <GET https://polymer-additives.specialchem.com/selectors?q=> (referer: None)
2022-03-08 13:13:57 [scrapy] ERROR: Spider error processing <GET https://polymer-additives.specialchem.com/selectors?q=> (referer: None)
Traceback (most recent call last):
  File "/usr/local/lib/python3.9/site-packages/scrapy/utils/defer.py", line 120, in iter_errback
    yield next(it)
  File "/usr/local/lib/python3.9/site-packages/scrapy/utils/python.py", line 353, in __next__
    return next(self.data)
  File "/usr/local/lib/python3.9/site-packages/scrapy/utils/python.py", line 353, in __next__
    return next(self.data)
  File "/usr/local/lib/python3.9/site-packages/scrapy/core/spidermw.py", line 56, in _evaluate_iterable
    for r in iterable:
  File "/usr/local/lib/python3.9/site-packages/scrapy/spidermiddlewares/offsite.py", line 29, in process_spider_output
    for x in result:
  File "/usr/local/lib/python3.9/site-packages/scrapy/core/spidermw.py", line 56, in _evaluate_iterable
    for r in iterable:
  File "/usr/local/lib/python3.9/site-packages/scrapy/spidermiddlewares/referer.py", line 342, in <genexpr>
    return (_set_referer(r) for r in result or ())
  File "/usr/local/lib/python3.9/site-packages/scrapy/core/spidermw.py", line 56, in _evaluate_iterable
    for r in iterable:
  File "/usr/local/lib/python3.9/site-packages/scrapy/spidermiddlewares/urllength.py", line 40, in <genexpr>
    return (r for r in result or () if _filter(r))
  File "/usr/local/lib/python3.9/site-packages/scrapy/core/spidermw.py", line 56, in _evaluate_iterable
    for r in iterable:
  File "/usr/local/lib/python3.9/site-packages/scrapy/spidermiddlewares/depth.py", line 58, in <genexpr>
    return (r for r in result or () if _filter(r))
  File "/usr/local/lib/python3.9/site-packages/scrapy/core/spidermw.py", line 56, in _evaluate_iterable
    for r in iterable:
  File "/Users/amirhosseinkhodaei/Desktop/Projects/scrapyAPI/MyScraper/MyScraper/spiders/myspider.py", line 18, in parse
    # print(self.hi)
AttributeError: 'ThespiderSpider' object has no attribute 'hi'
2022-03-08 13:13:57 [scrapy] INFO: Closing spider (finished)
2022-03-08 13:13:57 [scrapy] INFO: Dumping Scrapy stats:
{'downloader/request_bytes': 245,
 'downloader/request_count': 1,
 'downloader/request_method_count/GET': 1,
 'downloader/response_bytes': 16658,
 'downloader/response_count': 1,
 'downloader/response_status_count/200': 1,
 'elapsed_time_seconds': 0.637529,
 'finish_reason': 'finished',
 'finish_time': datetime.datetime(2022, 3, 8, 9, 43, 57, 962494),
 'httpcompression/response_bytes': 84109,
 'httpcompression/response_count': 1,
 'log_count/DEBUG': 1,
 'log_count/ERROR': 1,
 'log_count/INFO': 7,
 'memusage/max': 58281984,
 'memusage/startup': 58281984,
 'response_received_count': 1,
 'scheduler/dequeued': 1,
 'scheduler/dequeued/memory': 1,
 'scheduler/enqueued': 1,
 'scheduler/enqueued/memory': 1,
 'spider_exceptions/AttributeError': 1,
 'start_time': datetime.datetime(2022, 3, 8, 9, 43, 57, 324965)}
2022-03-08 13:13:57 [scrapy] INFO: Spider closed (finished)
