2022-03-11 12:11:31 [scrapy] DEBUG: Crawled (200) <GET https://polymer-additives.specialchem.com/selectors/ap-acrylic-excl-pmma?q=Antioxidant&indexpage=1> (referer: None)
2022-03-11 12:11:31 [scrapy] DEBUG: Scraped from <200 https://polymer-additives.specialchem.com/selectors/ap-acrylic-excl-pmma?q=Antioxidant&indexpage=1>
{'paginate': {'count': 1, 'total': '2'}, 'products': [{'productName': 'Absorbent UV-329 ', 'supplier': '\nTianJin North JinHeng Chemical Plant \n', 'description': "\nAbsorbent UV-329 by TianJin North JinHeng Chemical Plant is a low volatile, highly efficient 2-(2'-hydroxy-5'-(1,1,3,3-tetramethylbutyl) phenyl) benzotriazole. Acts as a UV absorber (300-400 nm) and...\n", 'url': '/product/a-tianjin-north-jinheng-chemical-plant-absorbent-uv-329'}, {'productName': 'BLS® 531 ', 'supplier': '\nMayzo \n', 'description': '\nExtremely effective UV absorber that is recommended for polypropylene,\npolyethylene, plasticized PVC, rubber, acrylics, polycarbonate, EVA, and polyester, adhesives and sealants where light...\n', 'url': '/product/a-mayzo-bls-531'}]}
2022-03-11 12:11:31 [scrapy] INFO: Closing spider (finished)
2022-03-11 12:11:31 [scrapy] INFO: Dumping Scrapy stats:
{'downloader/request_bytes': 289,
 'downloader/request_count': 1,
 'downloader/request_method_count/GET': 1,
 'downloader/response_bytes': 14945,
 'downloader/response_count': 1,
 'downloader/response_status_count/200': 1,
 'elapsed_time_seconds': 0.869525,
 'finish_reason': 'finished',
 'finish_time': datetime.datetime(2022, 3, 11, 8, 41, 31, 475691),
 'httpcompression/response_bytes': 50450,
 'httpcompression/response_count': 1,
 'item_scraped_count': 1,
 'log_count/DEBUG': 2,
 'log_count/INFO': 7,
 'memusage/max': 91234304,
 'memusage/startup': 91234304,
 'response_received_count': 1,
 'scheduler/dequeued': 1,
 'scheduler/dequeued/memory': 1,
 'scheduler/enqueued': 1,
 'scheduler/enqueued/memory': 1,
 'start_time': datetime.datetime(2022, 3, 11, 8, 41, 30, 606166)}
2022-03-11 12:11:31 [scrapy] INFO: Spider closed (finished)
