2022-03-11 11:45:35 [scrapy] DEBUG: Retrying <GET https://polymer-additives.specialchem.com/selectorsundefined?q=&indexpage=1> (failed 1 times): TCP connection timed out: 60: Operation timed out.
2022-03-11 11:45:36 [scrapy] DEBUG: Crawled (404) <GET https://polymer-additives.specialchem.com/selectorsundefined?q=&indexpage=1> (referer: None)
2022-03-11 11:45:36 [scrapy] ERROR: Spider error processing <GET https://polymer-additives.specialchem.com/selectorsundefined?q=&indexpage=1> (referer: None)
Traceback (most recent call last):
  File "/usr/local/lib/python3.9/site-packages/scrapy/utils/defer.py", line 120, in iter_errback
    yield next(it)
  File "/usr/local/lib/python3.9/site-packages/scrapy/utils/python.py", line 353, in __next__
    return next(self.data)
  File "/usr/local/lib/python3.9/site-packages/scrapy/utils/python.py", line 353, in __next__
    return next(self.data)
  File "/usr/local/lib/python3.9/site-packages/scrapy/core/spidermw.py", line 56, in _evaluate_iterable
    for r in iterable:
  File "/usr/local/lib/python3.9/site-packages/scrapy/spidermiddlewares/offsite.py", line 29, in process_spider_output
    for x in result:
  File "/usr/local/lib/python3.9/site-packages/scrapy/core/spidermw.py", line 56, in _evaluate_iterable
    for r in iterable:
  File "/usr/local/lib/python3.9/site-packages/scrapy/spidermiddlewares/referer.py", line 342, in <genexpr>
    return (_set_referer(r) for r in result or ())
  File "/usr/local/lib/python3.9/site-packages/scrapy/core/spidermw.py", line 56, in _evaluate_iterable
    for r in iterable:
  File "/usr/local/lib/python3.9/site-packages/scrapy/spidermiddlewares/urllength.py", line 40, in <genexpr>
    return (r for r in result or () if _filter(r))
  File "/usr/local/lib/python3.9/site-packages/scrapy/core/spidermw.py", line 56, in _evaluate_iterable
    for r in iterable:
  File "/usr/local/lib/python3.9/site-packages/scrapy/spidermiddlewares/depth.py", line 58, in <genexpr>
    return (r for r in result or () if _filter(r))
  File "/usr/local/lib/python3.9/site-packages/scrapy/core/spidermw.py", line 56, in _evaluate_iterable
    for r in iterable:
  File "/Users/amirhosseinkhodaei/Desktop/Projects/scrapyAPI/MyScraper/MyScraper/spiders/myspider.py", line 11, in parse
    products = response.css('.box_product')
AttributeError: 'Failure' object has no attribute 'css'
2022-03-11 11:45:36 [scrapy] INFO: Closing spider (finished)
2022-03-11 11:45:36 [scrapy] INFO: Dumping Scrapy stats:
{'downloader/exception_count': 1,
 'downloader/exception_type_count/twisted.internet.error.TCPTimedOutError': 1,
 'downloader/request_bytes': 532,
 'downloader/request_count': 2,
 'downloader/request_method_count/GET': 2,
 'downloader/response_bytes': 7057,
 'downloader/response_count': 1,
 'downloader/response_status_count/404': 1,
 'elapsed_time_seconds': 76.008285,
 'finish_reason': 'finished',
 'finish_time': datetime.datetime(2022, 3, 11, 8, 15, 36, 831735),
 'httpcompression/response_bytes': 16239,
 'httpcompression/response_count': 1,
 'log_count/DEBUG': 16,
 'log_count/ERROR': 2,
 'log_count/INFO': 64,
 'memusage/max': 78667776,
 'memusage/startup': 78667776,
 'response_received_count': 1,
 'retry/count': 1,
 'retry/reason_count/twisted.internet.error.TCPTimedOutError': 1,
 'scheduler/dequeued': 2,
 'scheduler/dequeued/memory': 2,
 'scheduler/enqueued': 2,
 'scheduler/enqueued/memory': 2,
 'spider_exceptions/AttributeError': 1,
 'start_time': datetime.datetime(2022, 3, 11, 8, 14, 20, 823450)}
2022-03-11 11:45:36 [scrapy] INFO: Spider closed (finished)
