2022-03-09 08:49:07 [scrapy] DEBUG: Crawled (200) <GET https://polymer-additives.specialchem.com/selectors?q=fgffgf> (referer: None)
2022-03-09 08:49:08 [scrapy] DEBUG: Scraped from <200 https://polymer-additives.specialchem.com/selectors?q=fgffgf>
{'paginate': {'count': 1}, 'products': []}
2022-03-09 08:49:08 [scrapy] INFO: Closing spider (finished)
2022-03-09 08:49:08 [scrapy] INFO: Dumping Scrapy stats:
{'downloader/request_bytes': 251,
 'downloader/request_count': 1,
 'downloader/request_method_count/GET': 1,
 'downloader/response_bytes': 11986,
 'downloader/response_count': 1,
 'downloader/response_status_count/200': 1,
 'elapsed_time_seconds': 0.983572,
 'finish_reason': 'finished',
 'finish_time': datetime.datetime(2022, 3, 9, 5, 19, 8, 15744),
 'httpcompression/response_bytes': 34841,
 'httpcompression/response_count': 1,
 'item_scraped_count': 1,
 'log_count/DEBUG': 2,
 'log_count/INFO': 7,
 'memusage/max': 54693888,
 'memusage/startup': 54693888,
 'response_received_count': 1,
 'scheduler/dequeued': 1,
 'scheduler/dequeued/memory': 1,
 'scheduler/enqueued': 1,
 'scheduler/enqueued/memory': 1,
 'start_time': datetime.datetime(2022, 3, 9, 5, 19, 7, 32172)}
2022-03-09 08:49:08 [scrapy] INFO: Spider closed (finished)
