2022-03-12 15:17:45 [scrapy] DEBUG: Crawled (200) <GET https://polymer-additives.specialchem.com/selectors?q=BYK-MAX%20HS%204301%20&indexpage=1> (referer: None)
2022-03-12 15:17:45 [scrapy] DEBUG: Scraped from <200 https://polymer-additives.specialchem.com/selectors?q=BYK-MAX%20HS%204301%20&indexpage=1>
{'paginate': {'count': 1, 'total': '1'}, 'products': [{'productName': 'BYK-MAX HS 4301 ', 'supplier': '\nBYK \n', 'description': '\nBYK-MAX HS 4301 by BYK is a granulated, VOC-free, long-term thermal stabilizer for use in polypropylene compounds. It consists of a combination of thermal stabilizers. The thermal stabilizers...\n', 'url': '/product/a-byk-byk-max-hs-4301'}]}
2022-03-12 15:17:45 [scrapy] INFO: Closing spider (finished)
2022-03-12 15:17:45 [scrapy] INFO: Dumping Scrapy stats:
{'downloader/request_bytes': 279,
 'downloader/request_count': 1,
 'downloader/request_method_count/GET': 1,
 'downloader/response_bytes': 14539,
 'downloader/response_count': 1,
 'downloader/response_status_count/200': 1,
 'elapsed_time_seconds': 0.973022,
 'finish_reason': 'finished',
 'finish_time': datetime.datetime(2022, 3, 12, 11, 47, 45, 612892),
 'httpcompression/response_bytes': 46847,
 'httpcompression/response_count': 1,
 'item_scraped_count': 1,
 'log_count/DEBUG': 2,
 'log_count/INFO': 7,
 'memusage/max': 86228992,
 'memusage/startup': 86228992,
 'response_received_count': 1,
 'scheduler/dequeued': 1,
 'scheduler/dequeued/memory': 1,
 'scheduler/enqueued': 1,
 'scheduler/enqueued/memory': 1,
 'start_time': datetime.datetime(2022, 3, 12, 11, 47, 44, 639870)}
2022-03-12 15:17:45 [scrapy] INFO: Spider closed (finished)
