2022-03-09 09:54:10 [scrapy] DEBUG: Crawled (200) <GET https://polymer-additives.specialchem.com/selectors?q=sdscsd> (referer: None)
2022-03-09 09:54:10 [scrapy] DEBUG: Scraped from <200 https://polymer-additives.specialchem.com/selectors?q=sdscsd>
{'paginate': {'count': 1}, 'products': []}
2022-03-09 09:54:10 [scrapy] INFO: Closing spider (finished)
2022-03-09 09:54:10 [scrapy] INFO: Dumping Scrapy stats:
{'downloader/request_bytes': 251,
 'downloader/request_count': 1,
 'downloader/request_method_count/GET': 1,
 'downloader/response_bytes': 11527,
 'downloader/response_count': 1,
 'downloader/response_status_count/200': 1,
 'elapsed_time_seconds': 1.056994,
 'finish_reason': 'finished',
 'finish_time': datetime.datetime(2022, 3, 9, 6, 24, 10, 196808),
 'httpcompression/response_bytes': 33338,
 'httpcompression/response_count': 1,
 'item_scraped_count': 1,
 'log_count/DEBUG': 2,
 'log_count/INFO': 7,
 'memusage/max': 77373440,
 'memusage/startup': 77373440,
 'response_received_count': 1,
 'scheduler/dequeued': 1,
 'scheduler/dequeued/memory': 1,
 'scheduler/enqueued': 1,
 'scheduler/enqueued/memory': 1,
 'start_time': datetime.datetime(2022, 3, 9, 6, 24, 9, 139814)}
2022-03-09 09:54:10 [scrapy] INFO: Spider closed (finished)
