2022-03-09 10:26:32 [scrapy] DEBUG: Crawled (200) <GET https://polymer-additives.specialchem.com/selectors?q=Antioxidant&indexpage=300> (referer: None)
2022-03-09 10:26:32 [scrapy] DEBUG: Scraped from <200 https://polymer-additives.specialchem.com/selectors?q=Antioxidant&indexpage=300>
{'paginate': {'count': 2, 'total': '2327'}, 'products': []}
2022-03-09 10:26:32 [scrapy] INFO: Closing spider (finished)
2022-03-09 10:26:32 [scrapy] INFO: Dumping Scrapy stats:
{'downloader/request_bytes': 270,
 'downloader/request_count': 1,
 'downloader/request_method_count/GET': 1,
 'downloader/response_bytes': 15343,
 'downloader/response_count': 1,
 'downloader/response_status_count/200': 1,
 'elapsed_time_seconds': 1.634706,
 'finish_reason': 'finished',
 'finish_time': datetime.datetime(2022, 3, 9, 6, 56, 32, 681751),
 'httpcompression/response_bytes': 66501,
 'httpcompression/response_count': 1,
 'item_scraped_count': 1,
 'log_count/DEBUG': 2,
 'log_count/INFO': 7,
 'memusage/max': 111173632,
 'memusage/startup': 111173632,
 'response_received_count': 1,
 'scheduler/dequeued': 1,
 'scheduler/dequeued/memory': 1,
 'scheduler/enqueued': 1,
 'scheduler/enqueued/memory': 1,
 'start_time': datetime.datetime(2022, 3, 9, 6, 56, 31, 47045)}
2022-03-09 10:26:32 [scrapy] INFO: Spider closed (finished)
