2022-03-09 15:29:30 [scrapy] DEBUG: Crawled (200) <GET https://polymer-additives.specialchem.com/Ajax/UniversalSelectorFiltersPopin?facet=%7B806E2FFA-2F53-49AB-A9C8-600CD7E573EF%7D> (referer: None)
2022-03-09 15:29:30 [scrapy] ERROR: Spider error processing <GET https://polymer-additives.specialchem.com/Ajax/UniversalSelectorFiltersPopin?facet=%7B806E2FFA-2F53-49AB-A9C8-600CD7E573EF%7D> (referer: None)
Traceback (most recent call last):
  File "/usr/local/lib/python3.9/site-packages/scrapy/utils/defer.py", line 120, in iter_errback
    yield next(it)
  File "/usr/local/lib/python3.9/site-packages/scrapy/utils/python.py", line 353, in __next__
    return next(self.data)
  File "/usr/local/lib/python3.9/site-packages/scrapy/utils/python.py", line 353, in __next__
    return next(self.data)
  File "/usr/local/lib/python3.9/site-packages/scrapy/core/spidermw.py", line 56, in _evaluate_iterable
    for r in iterable:
  File "/usr/local/lib/python3.9/site-packages/scrapy/spidermiddlewares/offsite.py", line 29, in process_spider_output
    for x in result:
  File "/usr/local/lib/python3.9/site-packages/scrapy/core/spidermw.py", line 56, in _evaluate_iterable
    for r in iterable:
  File "/usr/local/lib/python3.9/site-packages/scrapy/spidermiddlewares/referer.py", line 342, in <genexpr>
    return (_set_referer(r) for r in result or ())
  File "/usr/local/lib/python3.9/site-packages/scrapy/core/spidermw.py", line 56, in _evaluate_iterable
    for r in iterable:
  File "/usr/local/lib/python3.9/site-packages/scrapy/spidermiddlewares/urllength.py", line 40, in <genexpr>
    return (r for r in result or () if _filter(r))
  File "/usr/local/lib/python3.9/site-packages/scrapy/core/spidermw.py", line 56, in _evaluate_iterable
    for r in iterable:
  File "/usr/local/lib/python3.9/site-packages/scrapy/spidermiddlewares/depth.py", line 58, in <genexpr>
    return (r for r in result or () if _filter(r))
  File "/usr/local/lib/python3.9/site-packages/scrapy/core/spidermw.py", line 56, in _evaluate_iterable
    for r in iterable:
  File "/Users/amirhosseinkhodaei/Desktop/Projects/scrapyAPI/MyScraper/MyScraper/spiders/myspider.py", line 33, in parse
    'total': (response.css(".products-count .foro::text").get()).replace("\n", "").replace(" ", "")
AttributeError: 'NoneType' object has no attribute 'replace'
2022-03-09 15:29:30 [scrapy] INFO: Closing spider (finished)
2022-03-09 15:29:30 [scrapy] INFO: Dumping Scrapy stats:
{'downloader/request_bytes': 316,
 'downloader/request_count': 1,
 'downloader/request_method_count/GET': 1,
 'downloader/response_bytes': 4547,
 'downloader/response_count': 1,
 'downloader/response_status_count/200': 1,
 'elapsed_time_seconds': 0.997531,
 'finish_reason': 'finished',
 'finish_time': datetime.datetime(2022, 3, 9, 11, 59, 30, 633093),
 'httpcompression/response_bytes': 7596,
 'httpcompression/response_count': 1,
 'log_count/DEBUG': 1,
 'log_count/ERROR': 1,
 'log_count/INFO': 7,
 'memusage/max': 59666432,
 'memusage/startup': 59666432,
 'response_received_count': 1,
 'scheduler/dequeued': 1,
 'scheduler/dequeued/memory': 1,
 'scheduler/enqueued': 1,
 'scheduler/enqueued/memory': 1,
 'spider_exceptions/AttributeError': 1,
 'start_time': datetime.datetime(2022, 3, 9, 11, 59, 29, 635562)}
2022-03-09 15:29:30 [scrapy] INFO: Spider closed (finished)
