2022-03-09 11:55:13 [scrapy] DEBUG: Crawled (200) <GET https://polymer-additives.specialchem.com/selectors?q=undefined&indexpage=1> (referer: None)
2022-03-09 11:55:13 [scrapy] DEBUG: Scraped from <200 https://polymer-additives.specialchem.com/selectors?q=undefined&indexpage=1>
{'paginate': {'count': 1, 'total': '0'}, 'products': [], 'applications': []}
2022-03-09 11:55:13 [scrapy] INFO: Closing spider (finished)
2022-03-09 11:55:13 [scrapy] INFO: Dumping Scrapy stats:
{'downloader/request_bytes': 266,
 'downloader/request_count': 1,
 'downloader/request_method_count/GET': 1,
 'downloader/response_bytes': 10406,
 'downloader/response_count': 1,
 'downloader/response_status_count/200': 1,
 'elapsed_time_seconds': 2.679447,
 'finish_reason': 'finished',
 'finish_time': datetime.datetime(2022, 3, 9, 8, 25, 13, 535288),
 'httpcompression/response_bytes': 30195,
 'httpcompression/response_count': 1,
 'item_scraped_count': 1,
 'log_count/DEBUG': 2,
 'log_count/INFO': 7,
 'memusage/max': 54763520,
 'memusage/startup': 54763520,
 'response_received_count': 1,
 'scheduler/dequeued': 1,
 'scheduler/dequeued/memory': 1,
 'scheduler/enqueued': 1,
 'scheduler/enqueued/memory': 1,
 'start_time': datetime.datetime(2022, 3, 9, 8, 25, 10, 855841)}
2022-03-09 11:55:13 [scrapy] INFO: Spider closed (finished)
