2022-03-12 10:14:37 [scrapy] DEBUG: Crawled (200) <GET https://polymer-additives.specialchem.com/selectors/ap-pe-hdpe?q=Antioxidant&indexpage=2> (referer: None)
2022-03-12 10:14:37 [scrapy] DEBUG: Scraped from <200 https://polymer-additives.specialchem.com/selectors/ap-pe-hdpe?q=Antioxidant&indexpage=2>
{'paginate': {'count': 1, 'total': '201'}, 'products': []}
2022-03-12 10:14:37 [scrapy] INFO: Closing spider (finished)
2022-03-12 10:14:37 [scrapy] INFO: Dumping Scrapy stats:
{'downloader/request_bytes': 279,
 'downloader/request_count': 1,
 'downloader/request_method_count/GET': 1,
 'downloader/response_bytes': 15563,
 'downloader/response_count': 1,
 'downloader/response_status_count/200': 1,
 'elapsed_time_seconds': 1.196176,
 'finish_reason': 'finished',
 'finish_time': datetime.datetime(2022, 3, 12, 6, 44, 37, 211632),
 'httpcompression/response_bytes': 66547,
 'httpcompression/response_count': 1,
 'item_scraped_count': 1,
 'log_count/DEBUG': 2,
 'log_count/INFO': 7,
 'memusage/max': 82173952,
 'memusage/startup': 82173952,
 'response_received_count': 1,
 'scheduler/dequeued': 1,
 'scheduler/dequeued/memory': 1,
 'scheduler/enqueued': 1,
 'scheduler/enqueued/memory': 1,
 'start_time': datetime.datetime(2022, 3, 12, 6, 44, 36, 15456)}
2022-03-12 10:14:37 [scrapy] INFO: Spider closed (finished)
