2022-03-12 15:34:51 [scrapy] DEBUG: Crawled (200) <GET https://polymer-additives.specialchem.com/selectors?q=Chimassorb%C2%AE%202020&indexpage=1> (referer: None)
2022-03-12 15:34:51 [scrapy] DEBUG: Scraped from <200 https://polymer-additives.specialchem.com/selectors?q=Chimassorb%C2%AE%202020&indexpage=1>
{'paginate': {'count': 1, 'total': '1'}, 'products': [{'productName': 'Chimassorb® 2020 ', 'supplier': '\nBASF \n', 'description': '\nChimassorb® 2020 by BASF is a high molecular weight hindered amine light stabilizer (HALS). Offers an optimal combination of exceptional levels of UV- and long-term thermal stability and ancillary...\n', 'url': '/product/a-basf-chimassorb-2020'}]}
2022-03-12 15:34:51 [scrapy] INFO: Closing spider (finished)
2022-03-12 15:34:51 [scrapy] INFO: Dumping Scrapy stats:
{'downloader/request_bytes': 280,
 'downloader/request_count': 1,
 'downloader/request_method_count/GET': 1,
 'downloader/response_bytes': 14412,
 'downloader/response_count': 1,
 'downloader/response_status_count/200': 1,
 'elapsed_time_seconds': 0.896786,
 'finish_reason': 'finished',
 'finish_time': datetime.datetime(2022, 3, 12, 12, 4, 51, 681390),
 'httpcompression/response_bytes': 52230,
 'httpcompression/response_count': 1,
 'item_scraped_count': 1,
 'log_count/DEBUG': 2,
 'log_count/INFO': 7,
 'memusage/max': 88358912,
 'memusage/startup': 88358912,
 'response_received_count': 1,
 'scheduler/dequeued': 1,
 'scheduler/dequeued/memory': 1,
 'scheduler/enqueued': 1,
 'scheduler/enqueued/memory': 1,
 'start_time': datetime.datetime(2022, 3, 12, 12, 4, 50, 784604)}
2022-03-12 15:34:51 [scrapy] INFO: Spider closed (finished)
