2022-03-09 11:03:56 [scrapy] DEBUG: Crawled (200) <GET https://polymer-additives.specialchem.com/selectors?indexpage=2> (referer: None)
2022-03-09 11:03:56 [scrapy] DEBUG: Scraped from <200 https://polymer-additives.specialchem.com/selectors?indexpage=2>
{'paginate': {'count': 8, 'total': '52479'}, 'products': []}
2022-03-09 11:03:56 [scrapy] INFO: Closing spider (finished)
2022-03-09 11:03:56 [scrapy] INFO: Dumping Scrapy stats:
{'downloader/request_bytes': 254,
 'downloader/request_count': 1,
 'downloader/request_method_count/GET': 1,
 'downloader/response_bytes': 18853,
 'downloader/response_count': 1,
 'downloader/response_status_count/200': 1,
 'elapsed_time_seconds': 1.255107,
 'finish_reason': 'finished',
 'finish_time': datetime.datetime(2022, 3, 9, 7, 33, 56, 856403),
 'httpcompression/response_bytes': 120272,
 'httpcompression/response_count': 1,
 'item_scraped_count': 1,
 'log_count/DEBUG': 2,
 'log_count/INFO': 7,
 'memusage/max': 70873088,
 'memusage/startup': 70873088,
 'response_received_count': 1,
 'scheduler/dequeued': 1,
 'scheduler/dequeued/memory': 1,
 'scheduler/enqueued': 1,
 'scheduler/enqueued/memory': 1,
 'start_time': datetime.datetime(2022, 3, 9, 7, 33, 55, 601296)}
2022-03-09 11:03:56 [scrapy] INFO: Spider closed (finished)
