2022-03-09 09:35:17 [scrapy] DEBUG: Crawled (200) <GET https://polymer-additives.specialchem.com/selectors?q=%D9%BE%D8%B4%D8%B3%D8%A7> (referer: None)
2022-03-09 09:35:17 [scrapy] DEBUG: Scraped from <200 https://polymer-additives.specialchem.com/selectors?q=%D9%BE%D8%B4%D8%B3%D8%A7>
{'paginate': {'count': 1}, 'products': []}
2022-03-09 09:35:17 [scrapy] INFO: Closing spider (finished)
2022-03-09 09:35:17 [scrapy] INFO: Dumping Scrapy stats:
{'downloader/request_bytes': 269,
 'downloader/request_count': 1,
 'downloader/request_method_count/GET': 1,
 'downloader/response_bytes': 11995,
 'downloader/response_count': 1,
 'downloader/response_status_count/200': 1,
 'elapsed_time_seconds': 0.971135,
 'finish_reason': 'finished',
 'finish_time': datetime.datetime(2022, 3, 9, 6, 5, 17, 612052),
 'httpcompression/response_bytes': 34730,
 'httpcompression/response_count': 1,
 'item_scraped_count': 1,
 'log_count/DEBUG': 2,
 'log_count/INFO': 7,
 'memusage/max': 77107200,
 'memusage/startup': 77107200,
 'response_received_count': 1,
 'scheduler/dequeued': 1,
 'scheduler/dequeued/memory': 1,
 'scheduler/enqueued': 1,
 'scheduler/enqueued/memory': 1,
 'start_time': datetime.datetime(2022, 3, 9, 6, 5, 16, 640917)}
2022-03-09 09:35:17 [scrapy] INFO: Spider closed (finished)
