2022-03-11 12:24:32 [scrapy] DEBUG: Crawled (200) <GET https://polymer-additives.specialchem.com/selectors/ap-agriculture-hoses-agricultural?q=&indexpage=1> (referer: None)
2022-03-11 12:24:33 [scrapy] DEBUG: Scraped from <200 https://polymer-additives.specialchem.com/selectors/ap-agriculture-hoses-agricultural?q=&indexpage=1>
{'paginate': {'count': 1, 'total': '2'}, 'products': [{'productName': 'Dioctyl adipate ( DOA ) ', 'supplier': '\nAvalon Chemicals \n', 'description': '\nBis(2-ethylhexyl) hexanedioate. Acts as plasticizer. Molecular weight of 370.58. Used in PVC, flexible medical plastic, garden hoses, tarps and awnings. Dioctyl Adipate ( DOA ) produces clear films...\n', 'url': '/product/a-avalon-chemicals-dioctyl-adipate-doa'}, {'productName': 'TP-95® ', 'supplier': '\nHallstar \n', 'description': '\nTP-95® by Hallstar is dibutoxyethoxyethyl adipate. Acts as a plasticizer. It is highly compatible and imparts maximum low temperature flexibility to elastomers, in particular high ACN nitrile...\n', 'url': '/product/a-hallstar-tp-95'}]}
2022-03-11 12:24:33 [scrapy] INFO: Closing spider (finished)
2022-03-11 12:24:33 [scrapy] INFO: Dumping Scrapy stats:
{'downloader/request_bytes': 291,
 'downloader/request_count': 1,
 'downloader/request_method_count/GET': 1,
 'downloader/response_bytes': 14515,
 'downloader/response_count': 1,
 'downloader/response_status_count/200': 1,
 'elapsed_time_seconds': 1.108172,
 'finish_reason': 'finished',
 'finish_time': datetime.datetime(2022, 3, 11, 8, 54, 33, 43308),
 'httpcompression/response_bytes': 47997,
 'httpcompression/response_count': 1,
 'item_scraped_count': 1,
 'log_count/DEBUG': 2,
 'log_count/INFO': 7,
 'memusage/max': 91234304,
 'memusage/startup': 91234304,
 'response_received_count': 1,
 'scheduler/dequeued': 1,
 'scheduler/dequeued/memory': 1,
 'scheduler/enqueued': 1,
 'scheduler/enqueued/memory': 1,
 'start_time': datetime.datetime(2022, 3, 11, 8, 54, 31, 935136)}
2022-03-11 12:24:33 [scrapy] INFO: Spider closed (finished)
