2022-03-08 14:47:02 [scrapy] DEBUG: Crawled (200) <GET https://polymer-additives.specialchem.com/selectors?q=> (referer: None)
2022-03-08 14:47:03 [scrapy] DEBUG: Scraped from <200 https://polymer-additives.specialchem.com/selectors?q=>
{'Product Name': 'Tinuvin® XT 55 ', 'Supplier': '\nBASF \n', 'Description': '\nTinuvin® XT 55 by BASF is a hindered amine light stabilizer (HALS). It is a high-performance light stabilizer, which imparts outstanding weatherability to polyolefins. The main advantage of Tinuvin®...\n'}
2022-03-08 14:47:03 [scrapy] DEBUG: Scraped from <200 https://polymer-additives.specialchem.com/selectors?q=>
{'Product Name': 'Chimassorb® 2020 ', 'Supplier': '\nBASF \n', 'Description': '\nChimassorb® 2020 by BASF is a high molecular weight hindered amine light stabilizer (HALS). Offers an optimal combination of exceptional levels of UV- and long-term thermal stability and ancillary...\n'}
2022-03-08 14:47:03 [scrapy] DEBUG: Scraped from <200 https://polymer-additives.specialchem.com/selectors?q=>
{'Product Name': 'Tinuvin® 1600 ', 'Supplier': '\nBASF \n', 'Description': '\nTinuvin® 1600 by BASF is 2-hydroxyphenyl-s-triazine derivative. It acts as an ultraviolet light absorber (UVA). It exhibits very low volatility, excellent thermal stability and high extinction...\n'}
2022-03-08 14:47:03 [scrapy] DEBUG: Scraped from <200 https://polymer-additives.specialchem.com/selectors?q=>
{'Product Name': 'Tinuvin® NOR® 356 ', 'Supplier': '\nBASF \n', 'Description': '\nTinuvin® NOR® 356 by BASF is a high molecular hindered amine NOR light stabilizer. It has been designed for agricultural plastic applications in contact with high concentration of chemicals...\n'}
2022-03-08 14:47:03 [scrapy] DEBUG: Scraped from <200 https://polymer-additives.specialchem.com/selectors?q=>
{'Product Name': 'Tinuvin® NOR® 371 ', 'Supplier': '\nBASF \n', 'Description': '\nTinuvin® NOR® 371 by BASF is a high molecular weight hindered amine NOR stabilizer (NOR HALS). This high-performing light stabilizer is particularly well suited for applications in contact with...\n'}
2022-03-08 14:47:03 [scrapy] DEBUG: Scraped from <200 https://polymer-additives.specialchem.com/selectors?q=>
{'Product Name': 'BYK-MAX HS 4342 ', 'Supplier': '\nBYK \n', 'Description': '\nBYK-MAX HS 4342 by BYK is a non-adhesive granulate, dust-free, easy to handle, long-term thermal stabilizer based on organic stabilizers, carbon black and SCONA coupling agents for use in PP-GF...\n'}
2022-03-08 14:47:03 [scrapy] DEBUG: Scraped from <200 https://polymer-additives.specialchem.com/selectors?q=>
{'Product Name': 'BYK-MAX HS 4301 ', 'Supplier': '\nBYK \n', 'Description': '\nBYK-MAX HS 4301 by BYK is a granulated, VOC-free, long-term thermal stabilizer for use in polypropylene compounds. It consists of a combination of thermal stabilizers. The thermal stabilizers...\n'}
2022-03-08 14:47:03 [scrapy] DEBUG: Scraped from <200 https://polymer-additives.specialchem.com/selectors?q=>
{'Product Name': 'BYK-MAX LS 4125 ', 'Supplier': '\nBYK \n', 'Description': '\nBYK-MAX LS 4125 by BYK is a safe, easy to handle, VOC-free, dust-free, granulated UV stabilizer for the use in polyolefins to improve the long-term UV stability with low blooming. It offers...\n'}
2022-03-08 14:47:03 [scrapy] DEBUG: Scraped from <200 https://polymer-additives.specialchem.com/selectors?q=>
{'Product Name': 'BYK-MAX FR 4143 ', 'Supplier': '\nBYK \n', 'Description': '\nBYK-MAX FR 4143 by BYK is a compacted, easy to handle, halogen- & antimony-free, flame retardant for polyolefins in compounding, extrusion or injection molding processes. This highly effective...\n'}
2022-03-08 14:47:03 [scrapy] DEBUG: Scraped from <200 https://polymer-additives.specialchem.com/selectors?q=>
{'Product Name': 'AQUACER® 531 ', 'Supplier': '\nBYK \n', 'Description': '\nAQUACER® 531 by BYK is a non-ionic emulsion of modified polyethylene wax containing water as a carrier. It acts as an anti-caking additive for thermoplastics. It is used in the underwater...\n'}
2022-03-08 14:47:03 [scrapy] DEBUG: Scraped from <200 https://polymer-additives.specialchem.com/selectors?q=>
{'Product Name': 'Raven 5100 Ultra ', 'Supplier': '\nBirla Carbon \n', 'Description': '\nRaven 5100 Ultra by Birla Carbon is a next generation, piano carbon black for high end plastic applications. It offers ultra high jetness with attractive blue undertone. It is easy to handle and...\n'}
2022-03-08 14:47:03 [scrapy] DEBUG: Scraped from <200 https://polymer-additives.specialchem.com/selectors?q=>
{'Product Name': 'Raven 2350 Ultra ', 'Supplier': '\nBirla Carbon \n', 'Description': '\nRaven 2350 Ultra by Birla Carbon is a carbon black grade with high jetness. Offers an attractive blue tone, small particle size and excellent UV protection. Provides high loading, easy...\n'}
2022-03-08 14:47:03 [scrapy] DEBUG: Scraped from <200 https://polymer-additives.specialchem.com/selectors?q=>
{'Product Name': 'Raven FC1 ', 'Supplier': '\nBirla Carbon \n', 'Description': '\nRaven FC1 by Birla Carbon is a high performance, carbon black grade with high purity. It offers extremely low physical impurities, easy dispersability, long screen life, smooth surface finish and...\n'}
2022-03-08 14:47:03 [scrapy] DEBUG: Scraped from <200 https://polymer-additives.specialchem.com/selectors?q=>
{'Product Name': 'Raven PFEB ', 'Supplier': '\nBirla Carbon \n', 'Description': '\nRaven PFEB by Birla Carbon is a specialty carbon black. It is designed to be incorporated into thermosets or thermoplastics for improving color, tint, or functional characteristics. Raven PFEB is...\n'}
2022-03-08 14:47:03 [scrapy] DEBUG: Scraped from <200 https://polymer-additives.specialchem.com/selectors?q=>
{'Product Name': 'Raven 880 ', 'Supplier': '\nBirla Carbon \n', 'Description': '\nRaven 880 by Birla Carbon is a specialty carbon black. Exhibits easy dispersion, good chemical cleanliness and longer screen life. Offers low level of ash & residue, smooth surface finish and...\n'}
2022-03-08 14:47:03 [scrapy] DEBUG: Scraped from <200 https://polymer-additives.specialchem.com/selectors?q=>
{'Product Name': 'BRUGGOLEN® TP-H1607 ', 'Supplier': '\nBrüggemann \n', 'Description': '\nBRUGGOLEN® TP-H1607 by Brüggemann is a copper iodide-based heat stabilizer for polyamides. This antioxidant blend exhibits extended stabilization of the mechanical properties over a broad...\n'}
2022-03-08 14:47:03 [scrapy] DEBUG: Scraped from <200 https://polymer-additives.specialchem.com/selectors?q=>
{'Product Name': 'BRUGGOLEN® TP-H1803 ', 'Supplier': '\nBrüggemann \n', 'Description': '\nBRUGGOLEN® TP-H1803 by Brüggemann is a phosphonate and phenolic-based heat stabilizer for polyamides. It contains a small amount of copper complex with synergist. It offers stabilization of...\n'}
2022-03-08 14:47:03 [scrapy] DEBUG: Scraped from <200 https://polymer-additives.specialchem.com/selectors?q=>
{'Product Name': 'BRUGGOLEN® TP-H1805 ', 'Supplier': '\nBrüggemann \n', 'Description': '\nBRUGGOLEN® TP-H1805 by Brüggemann is an easily processable, copper-based high heat stabilizer. It is a very effective protection agent and antioxidant against long-term high heat aging of aliphatic...\n'}
2022-03-08 14:47:03 [scrapy] DEBUG: Scraped from <200 https://polymer-additives.specialchem.com/selectors?q=>
{'Product Name': 'BRUGGOLEN® TP-P1810 ', 'Supplier': '\nBrüggemann \n', 'Description': '\nBRUGGOLEN® TP-P1810 by Brüggemann is a flow enhancer and processing auxiliary. It offers superior melt flow in (highly) filled semi-aromatic polyamides (significantly longer spiral flow length)...\n'}
2022-03-08 14:47:03 [scrapy] DEBUG: Scraped from <200 https://polymer-additives.specialchem.com/selectors?q=>
{'Product Name': 'AP-NYLON® Caprolactam (Flakes) ', 'Supplier': '\nBrüggemann \n', 'Description': '\nAP-NYLON® Caprolactam (Flakes) by Brüggemann is caprolactam with low moisture content. It is specifically used as raw material in the anionic polymerization of polyamide 6. It is suitable for use in...\n'}
2022-03-08 14:47:03 [scrapy] INFO: Closing spider (finished)
2022-03-08 14:47:03 [scrapy] INFO: Dumping Scrapy stats:
{'downloader/request_bytes': 245,
 'downloader/request_count': 1,
 'downloader/request_method_count/GET': 1,
 'downloader/response_bytes': 16865,
 'downloader/response_count': 1,
 'downloader/response_status_count/200': 1,
 'elapsed_time_seconds': 0.752237,
 'finish_reason': 'finished',
 'finish_time': datetime.datetime(2022, 3, 8, 11, 17, 3, 75711),
 'httpcompression/response_bytes': 85140,
 'httpcompression/response_count': 1,
 'item_scraped_count': 20,
 'log_count/DEBUG': 21,
 'log_count/INFO': 7,
 'memusage/max': 59322368,
 'memusage/startup': 59322368,
 'response_received_count': 1,
 'scheduler/dequeued': 1,
 'scheduler/dequeued/memory': 1,
 'scheduler/enqueued': 1,
 'scheduler/enqueued/memory': 1,
 'start_time': datetime.datetime(2022, 3, 8, 11, 17, 2, 323474)}
2022-03-08 14:47:03 [scrapy] INFO: Spider closed (finished)
