2022-03-09 11:17:59 [scrapy] DEBUG: Crawled (200) <GET https://polymer-additives.specialchem.com/selectors?q=undefined&indexpage=1> (referer: None)
2022-03-09 11:18:00 [scrapy] DEBUG: Scraped from <200 https://polymer-additives.specialchem.com/selectors?q=undefined&indexpage=1>
{'paginate': {'count': 1, 'total': '0'}, 'products': []}
2022-03-09 11:18:00 [scrapy] INFO: Closing spider (finished)
2022-03-09 11:18:00 [scrapy] INFO: Dumping Scrapy stats:
{'downloader/request_bytes': 266,
 'downloader/request_count': 1,
 'downloader/request_method_count/GET': 1,
 'downloader/response_bytes': 10210,
 'downloader/response_count': 1,
 'downloader/response_status_count/200': 1,
 'elapsed_time_seconds': 0.728911,
 'finish_reason': 'finished',
 'finish_time': datetime.datetime(2022, 3, 9, 7, 48, 0, 12618),
 'httpcompression/response_bytes': 29220,
 'httpcompression/response_count': 1,
 'item_scraped_count': 1,
 'log_count/DEBUG': 2,
 'log_count/INFO': 10,
 'memusage/max': 128647168,
 'memusage/startup': 128647168,
 'response_received_count': 1,
 'scheduler/dequeued': 1,
 'scheduler/dequeued/memory': 1,
 'scheduler/enqueued': 1,
 'scheduler/enqueued/memory': 1,
 'start_time': datetime.datetime(2022, 3, 9, 7, 47, 59, 283707)}
2022-03-09 11:18:00 [scrapy] INFO: Spider closed (finished)
