2022-03-12 15:34:49 [scrapy] DEBUG: Crawled (200) <GET https://polymer-additives.specialchem.com/selectors?q=chima&indexpage=1> (referer: None)
2022-03-12 15:34:49 [scrapy] DEBUG: Scraped from <200 https://polymer-additives.specialchem.com/selectors?q=chima&indexpage=1>
{'paginate': {'count': 1, 'total': '0'}, 'products': []}
2022-03-12 15:34:49 [scrapy] INFO: Closing spider (finished)
2022-03-12 15:34:49 [scrapy] INFO: Dumping Scrapy stats:
{'downloader/request_bytes': 262,
 'downloader/request_count': 1,
 'downloader/request_method_count/GET': 1,
 'downloader/response_bytes': 10972,
 'downloader/response_count': 1,
 'downloader/response_status_count/200': 1,
 'elapsed_time_seconds': 0.733286,
 'finish_reason': 'finished',
 'finish_time': datetime.datetime(2022, 3, 12, 12, 4, 49, 587178),
 'httpcompression/response_bytes': 32980,
 'httpcompression/response_count': 1,
 'item_scraped_count': 1,
 'log_count/DEBUG': 2,
 'log_count/INFO': 7,
 'memusage/max': 88358912,
 'memusage/startup': 88358912,
 'response_received_count': 1,
 'scheduler/dequeued': 1,
 'scheduler/dequeued/memory': 1,
 'scheduler/enqueued': 1,
 'scheduler/enqueued/memory': 1,
 'start_time': datetime.datetime(2022, 3, 12, 12, 4, 48, 853892)}
2022-03-12 15:34:49 [scrapy] INFO: Spider closed (finished)
