2022-03-08 12:03:46 [scrapy] DEBUG: Crawled (200) <GET https://polymer-additives.specialchem.com/robots.txt> (referer: None)
2022-03-08 12:03:46 [scrapy] DEBUG: Forbidden by robots.txt: <GET https://polymer-additives.specialchem.com/selectors?q=Antioxidant>
2022-03-08 12:03:46 [scrapy] INFO: Closing spider (finished)
2022-03-08 12:03:46 [scrapy] INFO: Dumping Scrapy stats:
{'downloader/exception_count': 1,
 'downloader/exception_type_count/scrapy.exceptions.IgnoreRequest': 1,
 'downloader/request_bytes': 243,
 'downloader/request_count': 1,
 'downloader/request_method_count/GET': 1,
 'downloader/response_bytes': 1377,
 'downloader/response_count': 1,
 'downloader/response_status_count/200': 1,
 'elapsed_time_seconds': 0.672798,
 'finish_reason': 'finished',
 'finish_time': datetime.datetime(2022, 3, 8, 8, 33, 46, 922716),
 'httpcompression/response_bytes': 555,
 'httpcompression/response_count': 1,
 'log_count/DEBUG': 2,
 'log_count/INFO': 7,
 'memusage/max': 57081856,
 'memusage/startup': 57081856,
 'response_received_count': 1,
 'robotstxt/forbidden': 1,
 'robotstxt/request_count': 1,
 'robotstxt/response_count': 1,
 'robotstxt/response_status_count/200': 1,
 'scheduler/dequeued': 1,
 'scheduler/dequeued/memory': 1,
 'scheduler/enqueued': 1,
 'scheduler/enqueued/memory': 1,
 'start_time': datetime.datetime(2022, 3, 8, 8, 33, 46, 249918)}
2022-03-08 12:03:46 [scrapy] INFO: Spider closed (finished)
