2022-03-09 12:34:44 [scrapy] DEBUG: Crawled (200) <GET https://polymer-additives.specialchem.com/selectors?q=undefined&indexpage=1> (referer: None)
2022-03-09 12:34:44 [scrapy] DEBUG: Scraped from <200 https://polymer-additives.specialchem.com/selectors?q=undefined&indexpage=1>
{'paginate': {'count': 1, 'total': '0'}, 'products': [], 'applications': []}
2022-03-09 12:34:44 [scrapy] INFO: Closing spider (finished)
2022-03-09 12:34:44 [scrapy] INFO: Dumping Scrapy stats:
{'downloader/request_bytes': 266,
 'downloader/request_count': 1,
 'downloader/request_method_count/GET': 1,
 'downloader/response_bytes': 11510,
 'downloader/response_count': 1,
 'downloader/response_status_count/200': 1,
 'elapsed_time_seconds': 0.704703,
 'finish_reason': 'finished',
 'finish_time': datetime.datetime(2022, 3, 9, 9, 4, 44, 814490),
 'httpcompression/response_bytes': 33327,
 'httpcompression/response_count': 1,
 'item_scraped_count': 1,
 'log_count/DEBUG': 2,
 'log_count/INFO': 7,
 'memusage/max': 75337728,
 'memusage/startup': 75337728,
 'response_received_count': 1,
 'scheduler/dequeued': 1,
 'scheduler/dequeued/memory': 1,
 'scheduler/enqueued': 1,
 'scheduler/enqueued/memory': 1,
 'start_time': datetime.datetime(2022, 3, 9, 9, 4, 44, 109787)}
2022-03-09 12:34:44 [scrapy] INFO: Spider closed (finished)
