2022-03-09 10:12:19 [scrapy] DEBUG: Crawled (200) <GET https://polymer-additives.specialchem.com/selectors?q=undefined&indexpage=&%7B%7D> (referer: None)
2022-03-09 10:12:19 [scrapy] DEBUG: Scraped from <200 https://polymer-additives.specialchem.com/selectors?q=undefined&indexpage=&%7B%7D>
{'paginate': {'count': 1, 'total': '0'}, 'products': []}
2022-03-09 10:12:19 [scrapy] INFO: Closing spider (finished)
2022-03-09 10:12:19 [scrapy] INFO: Dumping Scrapy stats:
{'downloader/request_bytes': 272,
 'downloader/request_count': 1,
 'downloader/request_method_count/GET': 1,
 'downloader/response_bytes': 11991,
 'downloader/response_count': 1,
 'downloader/response_status_count/200': 1,
 'elapsed_time_seconds': 1.151225,
 'finish_reason': 'finished',
 'finish_time': datetime.datetime(2022, 3, 9, 6, 42, 19, 941737),
 'httpcompression/response_bytes': 34879,
 'httpcompression/response_count': 1,
 'item_scraped_count': 1,
 'log_count/DEBUG': 2,
 'log_count/INFO': 7,
 'memusage/max': 63750144,
 'memusage/startup': 63750144,
 'response_received_count': 1,
 'scheduler/dequeued': 1,
 'scheduler/dequeued/memory': 1,
 'scheduler/enqueued': 1,
 'scheduler/enqueued/memory': 1,
 'start_time': datetime.datetime(2022, 3, 9, 6, 42, 18, 790512)}
2022-03-09 10:12:19 [scrapy] INFO: Spider closed (finished)
