2022-03-12 15:35:15 [scrapy] DEBUG: Crawled (200) <GET https://polymer-additives.specialchem.com/selectors?q=Tinuvin%C2%AE%20XT%2055&indexpage=1> (referer: None)
2022-03-12 15:35:15 [scrapy] DEBUG: Scraped from <200 https://polymer-additives.specialchem.com/selectors?q=Tinuvin%C2%AE%20XT%2055&indexpage=1>
{'paginate': {'count': 1, 'total': '1'}, 'products': [{'productName': 'Tinuvin® XT 55 ', 'supplier': '\nBASF \n', 'description': '\nTinuvin® XT 55 by BASF is a hindered amine light stabilizer (HALS). It is a high-performance light stabilizer, which imparts outstanding weatherability to polyolefins. The main advantage of Tinuvin®...\n', 'url': '/product/a-basf-tinuvin-xt-55'}]}
2022-03-12 15:35:15 [scrapy] INFO: Closing spider (finished)
2022-03-12 15:35:15 [scrapy] INFO: Dumping Scrapy stats:
{'downloader/request_bytes': 280,
 'downloader/request_count': 1,
 'downloader/request_method_count/GET': 1,
 'downloader/response_bytes': 14538,
 'downloader/response_count': 1,
 'downloader/response_status_count/200': 1,
 'elapsed_time_seconds': 0.991064,
 'finish_reason': 'finished',
 'finish_time': datetime.datetime(2022, 3, 12, 12, 5, 15, 441217),
 'httpcompression/response_bytes': 46749,
 'httpcompression/response_count': 1,
 'item_scraped_count': 1,
 'log_count/DEBUG': 2,
 'log_count/INFO': 7,
 'memusage/max': 88694784,
 'memusage/startup': 88694784,
 'response_received_count': 1,
 'scheduler/dequeued': 1,
 'scheduler/dequeued/memory': 1,
 'scheduler/enqueued': 1,
 'scheduler/enqueued/memory': 1,
 'start_time': datetime.datetime(2022, 3, 12, 12, 5, 14, 450153)}
2022-03-12 15:35:15 [scrapy] INFO: Spider closed (finished)
