2022-03-09 11:03:27 [scrapy] DEBUG: Crawled (200) <GET https://polymer-additives.specialchem.com/selectors?indexpage=2> (referer: None)
2022-03-09 11:03:28 [scrapy] DEBUG: Scraped from <200 https://polymer-additives.specialchem.com/selectors?indexpage=2>
{'paginate': {'count': 8, 'total': '52479'}, 'products': []}
2022-03-09 11:03:28 [scrapy] INFO: Closing spider (finished)
2022-03-09 11:03:28 [scrapy] INFO: Dumping Scrapy stats:
{'downloader/request_bytes': 254,
 'downloader/request_count': 1,
 'downloader/request_method_count/GET': 1,
 'downloader/response_bytes': 20391,
 'downloader/response_count': 1,
 'downloader/response_status_count/200': 1,
 'elapsed_time_seconds': 2.03945,
 'finish_reason': 'finished',
 'finish_time': datetime.datetime(2022, 3, 9, 7, 33, 28, 443565),
 'httpcompression/response_bytes': 124789,
 'httpcompression/response_count': 1,
 'item_scraped_count': 1,
 'log_count/DEBUG': 2,
 'log_count/INFO': 10,
 'memusage/max': 69623808,
 'memusage/startup': 69623808,
 'response_received_count': 1,
 'scheduler/dequeued': 1,
 'scheduler/dequeued/memory': 1,
 'scheduler/enqueued': 1,
 'scheduler/enqueued/memory': 1,
 'start_time': datetime.datetime(2022, 3, 9, 7, 33, 26, 404115)}
2022-03-09 11:03:28 [scrapy] INFO: Spider closed (finished)
