2022-03-08 13:02:46 [scrapy] DEBUG: Retrying <GET https://polymer-additives.specialchem.com/selectors?q=> (failed 1 times): DNS lookup failed: no results for hostname lookup: polymer-additives.specialchem.com.
2022-03-08 13:02:46 [scrapy] DEBUG: Retrying <GET https://polymer-additives.specialchem.com/selectors?q=> (failed 2 times): DNS lookup failed: no results for hostname lookup: polymer-additives.specialchem.com.
2022-03-08 13:02:46 [scrapy] ERROR: Gave up retrying <GET https://polymer-additives.specialchem.com/selectors?q=> (failed 3 times): DNS lookup failed: no results for hostname lookup: polymer-additives.specialchem.com.
2022-03-08 13:02:47 [scrapy] ERROR: Error downloading <GET https://polymer-additives.specialchem.com/selectors?q=>
Traceback (most recent call last):
  File "/usr/local/lib/python3.9/site-packages/twisted/internet/defer.py", line 1657, in _inlineCallbacks
    result = current_context.run(
  File "/usr/local/lib/python3.9/site-packages/twisted/python/failure.py", line 500, in throwExceptionIntoGenerator
    return g.throw(self.type, self.value, self.tb)
  File "/usr/local/lib/python3.9/site-packages/scrapy/core/downloader/middleware.py", line 44, in process_request
    return (yield download_func(request=request, spider=spider))
  File "/usr/local/lib/python3.9/site-packages/twisted/internet/defer.py", line 858, in _runCallbacks
    current.result = callback(  # type: ignore[misc]
  File "/usr/local/lib/python3.9/site-packages/twisted/internet/endpoints.py", line 1022, in startConnectionAttempts
    raise error.DNSLookupError(
twisted.internet.error.DNSLookupError: DNS lookup failed: no results for hostname lookup: polymer-additives.specialchem.com.
2022-03-08 13:02:47 [scrapy] INFO: Closing spider (finished)
2022-03-08 13:02:47 [scrapy] INFO: Dumping Scrapy stats:
{'downloader/exception_count': 3,
 'downloader/exception_type_count/twisted.internet.error.DNSLookupError': 3,
 'downloader/request_bytes': 735,
 'downloader/request_count': 3,
 'downloader/request_method_count/GET': 3,
 'elapsed_time_seconds': 17.622736,
 'finish_reason': 'finished',
 'finish_time': datetime.datetime(2022, 3, 8, 9, 32, 47, 397918),
 'log_count/DEBUG': 2,
 'log_count/ERROR': 2,
 'log_count/INFO': 7,
 'memusage/max': 54595584,
 'memusage/startup': 54595584,
 'retry/count': 2,
 'retry/max_reached': 1,
 'retry/reason_count/twisted.internet.error.DNSLookupError': 2,
 'scheduler/dequeued': 3,
 'scheduler/dequeued/memory': 3,
 'scheduler/enqueued': 3,
 'scheduler/enqueued/memory': 3,
 'start_time': datetime.datetime(2022, 3, 8, 9, 32, 29, 775182)}
2022-03-08 13:02:47 [scrapy] INFO: Spider closed (finished)
