2022-03-11 11:35:09 [scrapy] DEBUG: Retrying <GET https://polymer-additives.specialchem.com/selectors?q=&indexpage=1?q=Antioxidantr> (failed 1 times): 500 Internal Server Error
2022-03-11 11:35:10 [scrapy] DEBUG: Retrying <GET https://polymer-additives.specialchem.com/selectors?q=&indexpage=1?q=Antioxidantr> (failed 2 times): 500 Internal Server Error
2022-03-11 11:35:11 [scrapy] ERROR: Gave up retrying <GET https://polymer-additives.specialchem.com/selectors?q=&indexpage=1?q=Antioxidantr> (failed 3 times): 500 Internal Server Error
2022-03-11 11:35:11 [scrapy] DEBUG: Crawled (500) <GET https://polymer-additives.specialchem.com/selectors?q=&indexpage=1?q=Antioxidantr> (referer: None)
2022-03-11 11:35:11 [scrapy] ERROR: Spider error processing <GET https://polymer-additives.specialchem.com/selectors?q=&indexpage=1?q=Antioxidantr> (referer: None)
Traceback (most recent call last):
  File "/usr/local/lib/python3.9/site-packages/scrapy/utils/defer.py", line 120, in iter_errback
    yield next(it)
  File "/usr/local/lib/python3.9/site-packages/scrapy/utils/python.py", line 353, in __next__
    return next(self.data)
  File "/usr/local/lib/python3.9/site-packages/scrapy/utils/python.py", line 353, in __next__
    return next(self.data)
  File "/usr/local/lib/python3.9/site-packages/scrapy/core/spidermw.py", line 56, in _evaluate_iterable
    for r in iterable:
  File "/usr/local/lib/python3.9/site-packages/scrapy/spidermiddlewares/offsite.py", line 29, in process_spider_output
    for x in result:
  File "/usr/local/lib/python3.9/site-packages/scrapy/core/spidermw.py", line 56, in _evaluate_iterable
    for r in iterable:
  File "/usr/local/lib/python3.9/site-packages/scrapy/spidermiddlewares/referer.py", line 342, in <genexpr>
    return (_set_referer(r) for r in result or ())
  File "/usr/local/lib/python3.9/site-packages/scrapy/core/spidermw.py", line 56, in _evaluate_iterable
    for r in iterable:
  File "/usr/local/lib/python3.9/site-packages/scrapy/spidermiddlewares/urllength.py", line 40, in <genexpr>
    return (r for r in result or () if _filter(r))
  File "/usr/local/lib/python3.9/site-packages/scrapy/core/spidermw.py", line 56, in _evaluate_iterable
    for r in iterable:
  File "/usr/local/lib/python3.9/site-packages/scrapy/spidermiddlewares/depth.py", line 58, in <genexpr>
    return (r for r in result or () if _filter(r))
  File "/usr/local/lib/python3.9/site-packages/scrapy/core/spidermw.py", line 56, in _evaluate_iterable
    for r in iterable:
  File "/Users/amirhosseinkhodaei/Desktop/Projects/scrapyAPI/MyScraper/MyScraper/spiders/myspider.py", line 11, in parse
    products = response.css('.box_product')
AttributeError: 'Failure' object has no attribute 'css'
2022-03-11 11:35:11 [scrapy] INFO: Closing spider (finished)
2022-03-11 11:35:11 [scrapy] INFO: Dumping Scrapy stats:
{'downloader/request_bytes': 1132,
 'downloader/request_count': 3,
 'downloader/request_method_count/GET': 3,
 'downloader/response_bytes': 12643,
 'downloader/response_count': 3,
 'downloader/response_status_count/500': 3,
 'elapsed_time_seconds': 2.834002,
 'finish_reason': 'finished',
 'finish_time': datetime.datetime(2022, 3, 11, 8, 5, 11, 209850),
 'log_count/DEBUG': 9,
 'log_count/ERROR': 8,
 'log_count/INFO': 19,
 'memusage/max': 74133504,
 'memusage/startup': 74133504,
 'response_received_count': 1,
 'retry/count': 2,
 'retry/max_reached': 1,
 'retry/reason_count/500 Internal Server Error': 2,
 'scheduler/dequeued': 3,
 'scheduler/dequeued/memory': 3,
 'scheduler/enqueued': 3,
 'scheduler/enqueued/memory': 3,
 'spider_exceptions/AttributeError': 1,
 'start_time': datetime.datetime(2022, 3, 11, 8, 5, 8, 375848)}
2022-03-11 11:35:11 [scrapy] INFO: Spider closed (finished)
