2022-03-11 13:09:01 [scrapy] DEBUG: Crawled (200) <GET https://polymer-additives.specialchem.com/selectors/ap-appliances-ovens?q=&indexpage=1> (referer: None)
2022-03-11 13:09:02 [scrapy] DEBUG: Scraped from <200 https://polymer-additives.specialchem.com/selectors/ap-appliances-ovens?q=&indexpage=1>
{'paginate': {'count': 1, 'total': '3'}, 'products': [{'productName': 'PL-258B ', 'supplier': '\nJiangsu Poly New Materials Technology \n', 'description': '\nHigh heat resistance, high impact flame retardant. Suitable for heating appliances shell, hair dryer, iron, heaters, microwave ovens, car parts, etc...\n', 'url': '/product/a-jiangsu-poly-new-materials-technology-pl-258b'}, {'productName': 'PL-258D ', 'supplier': '\nJiangsu Poly New Materials Technology \n', 'description': '\nHigh heat resistance, high impact flame retardant. Suitable for heating appliances shell, hair dryer, iron, heaters, microwave ovens, car parts, etc...\n', 'url': '/product/a-jiangsu-poly-new-materials-technology-pl-258d'}, {'productName': 'PL-258E ', 'supplier': '\nJiangsu Poly New Materials Technology \n', 'description': '\nHigh heat resistance, high impact flame retardant. Suitable for heating appliances shell, hair dryer, iron, heaters, microwave ovens, car parts, etc...\n', 'url': '/product/a-jiangsu-poly-new-materials-technology-pl-258e'}]}
2022-03-11 13:09:02 [scrapy] INFO: Closing spider (finished)
2022-03-11 13:09:02 [scrapy] INFO: Dumping Scrapy stats:
{'downloader/request_bytes': 277,
 'downloader/request_count': 1,
 'downloader/request_method_count/GET': 1,
 'downloader/response_bytes': 12397,
 'downloader/response_count': 1,
 'downloader/response_status_count/200': 1,
 'elapsed_time_seconds': 0.655815,
 'finish_reason': 'finished',
 'finish_time': datetime.datetime(2022, 3, 11, 9, 39, 2, 11261),
 'httpcompression/response_bytes': 40687,
 'httpcompression/response_count': 1,
 'item_scraped_count': 1,
 'log_count/DEBUG': 2,
 'log_count/INFO': 7,
 'memusage/max': 75276288,
 'memusage/startup': 75276288,
 'response_received_count': 1,
 'scheduler/dequeued': 1,
 'scheduler/dequeued/memory': 1,
 'scheduler/enqueued': 1,
 'scheduler/enqueued/memory': 1,
 'start_time': datetime.datetime(2022, 3, 11, 9, 39, 1, 355446)}
2022-03-11 13:09:02 [scrapy] INFO: Spider closed (finished)
