2022-03-12 09:36:29 [scrapy] DEBUG: Crawled (200) <GET https://polymer-additives.specialchem.com/selectors/ap-aerospace-aircrafts?q=NZno20&indexpage=1> (referer: None)
2022-03-12 09:36:29 [scrapy] DEBUG: Scraped from <200 https://polymer-additives.specialchem.com/selectors/ap-aerospace-aircrafts?q=NZno20&indexpage=1>
{'paginate': {'count': 1, 'total': '1'}, 'products': [{'productName': 'NZno20 ', 'supplier': '\nAnhui Elite Industrial \n', 'description': '\nNZno20 by Anhui Elite Industrial is a nano zinc oxide powder. It can be used with plastic to improve compactness and smoothness. It provides excellent anti-UV and anti-bacterial properties to...\n', 'url': '/product/a-anhui-elite-industrial-nzno20'}]}
2022-03-12 09:36:29 [scrapy] INFO: Closing spider (finished)
2022-03-12 09:36:29 [scrapy] INFO: Dumping Scrapy stats:
{'downloader/request_bytes': 286,
 'downloader/request_count': 1,
 'downloader/request_method_count/GET': 1,
 'downloader/response_bytes': 13946,
 'downloader/response_count': 1,
 'downloader/response_status_count/200': 1,
 'elapsed_time_seconds': 0.719961,
 'finish_reason': 'finished',
 'finish_time': datetime.datetime(2022, 3, 12, 6, 6, 29, 745504),
 'httpcompression/response_bytes': 42876,
 'httpcompression/response_count': 1,
 'item_scraped_count': 1,
 'log_count/DEBUG': 2,
 'log_count/INFO': 7,
 'memusage/max': 73699328,
 'memusage/startup': 73699328,
 'response_received_count': 1,
 'scheduler/dequeued': 1,
 'scheduler/dequeued/memory': 1,
 'scheduler/enqueued': 1,
 'scheduler/enqueued/memory': 1,
 'start_time': datetime.datetime(2022, 3, 12, 6, 6, 29, 25543)}
2022-03-12 09:36:29 [scrapy] INFO: Spider closed (finished)
