2022-03-09 11:14:04 [scrapy] DEBUG: Crawled (200) <GET https://polymer-additives.specialchem.com/selectors?q=Antioxidant&indexpage=1> (referer: None)
2022-03-09 11:14:37 [scrapy] DEBUG: Scraped from <200 https://polymer-additives.specialchem.com/selectors?q=Antioxidant&indexpage=1>
{'paginate': {'count': 8, 'total': '2327'}, 'products': []}
2022-03-09 11:14:37 [scrapy] INFO: Closing spider (finished)
2022-03-09 11:14:37 [scrapy] INFO: Dumping Scrapy stats:
{'downloader/request_bytes': 268,
 'downloader/request_count': 1,
 'downloader/request_method_count/GET': 1,
 'downloader/response_bytes': 44039,
 'downloader/response_count': 1,
 'downloader/response_status_count/200': 1,
 'elapsed_time_seconds': 33.880557,
 'finish_reason': 'finished',
 'finish_time': datetime.datetime(2022, 3, 9, 7, 44, 37, 417537),
 'httpcompression/response_bytes': 490487,
 'httpcompression/response_count': 1,
 'item_scraped_count': 1,
 'log_count/DEBUG': 2,
 'log_count/INFO': 7,
 'memusage/max': 57864192,
 'memusage/startup': 57864192,
 'response_received_count': 1,
 'scheduler/dequeued': 1,
 'scheduler/dequeued/memory': 1,
 'scheduler/enqueued': 1,
 'scheduler/enqueued/memory': 1,
 'start_time': datetime.datetime(2022, 3, 9, 7, 44, 3, 536980)}
2022-03-09 11:14:37 [scrapy] INFO: Spider closed (finished)
