2022-03-09 12:20:03 [scrapy] DEBUG: Crawled (200) <GET https://polymer-additives.specialchem.com/selectors?q=undefined&indexpage=1> (referer: None)
2022-03-09 12:20:03 [scrapy] DEBUG: Scraped from <200 https://polymer-additives.specialchem.com/selectors?q=undefined&indexpage=1>
{'paginate': {'count': 1, 'total': '0'}, 'products': [], 'applications': []}
2022-03-09 12:20:03 [scrapy] INFO: Closing spider (finished)
2022-03-09 12:20:03 [scrapy] INFO: Dumping Scrapy stats:
{'downloader/request_bytes': 266,
 'downloader/request_count': 1,
 'downloader/request_method_count/GET': 1,
 'downloader/response_bytes': 12006,
 'downloader/response_count': 1,
 'downloader/response_status_count/200': 1,
 'elapsed_time_seconds': 1.098144,
 'finish_reason': 'finished',
 'finish_time': datetime.datetime(2022, 3, 9, 8, 50, 3, 529026),
 'httpcompression/response_bytes': 34884,
 'httpcompression/response_count': 1,
 'item_scraped_count': 1,
 'log_count/DEBUG': 2,
 'log_count/INFO': 7,
 'memusage/max': 50925568,
 'memusage/startup': 50925568,
 'response_received_count': 1,
 'scheduler/dequeued': 1,
 'scheduler/dequeued/memory': 1,
 'scheduler/enqueued': 1,
 'scheduler/enqueued/memory': 1,
 'start_time': datetime.datetime(2022, 3, 9, 8, 50, 2, 430882)}
2022-03-09 12:20:03 [scrapy] INFO: Spider closed (finished)
