2022-03-12 09:18:42 [scrapy] DEBUG: Crawled (200) <GET https://polymer-additives.specialchem.com//product/a-basf-tinuvin-xt-55> (referer: None)
2022-03-12 09:18:42 [scrapy] DEBUG: Scraped from <200 https://polymer-additives.specialchem.com//product/a-basf-tinuvin-xt-55>
{'products': [{'productName': 'Tinuvin速 XT 55', 'description': '\nTinuvin速 XT 55 by BASF is a hindered amine light stabilizer (HALS). It is a high-performance light stabilizer, which imparts outstanding weatherability to polyolefins. The main advantage of Tinuvin速 XT 55 UV & light stabilizer is its well-balanced property profile combining light and thermal stability with improved processing behavior, especially reduced water carry over during the production of tapes and monofilaments. Tinuvin速 XT 55 is a highly effective light stabilizer for polyolefins and other plastics featuring powerful long-term thermal stabilization performance. It protects polymers from UV radiation and preserves the original appearance and physical integrity during weathering. The recommended concentrations range between 0.05% and 1.5%, depends on the substrate and the performance requirements of the final application.\n'}], 'attributes': {'Product Type': '\n', 'Chemical Composition': '\nHindered amine derivate\n', 'Physical Form': '\nPellets\n', 'Appearance': '\nWhite to off-white\n', 'Product Launch Date': '\nJun 30, 2016\n', 'Product Status': '\nCOMMERCIAL\n', 'Applications/ Recommended for': '\n'}}
2022-03-12 09:18:42 [scrapy] INFO: Closing spider (finished)
2022-03-12 09:18:42 [scrapy] INFO: Dumping Scrapy stats:
{'downloader/request_bytes': 262,
 'downloader/request_count': 1,
 'downloader/request_method_count/GET': 1,
 'downloader/response_bytes': 12976,
 'downloader/response_count': 1,
 'downloader/response_status_count/200': 1,
 'elapsed_time_seconds': 1.157,
 'finish_reason': 'finished',
 'finish_time': datetime.datetime(2022, 3, 12, 5, 48, 42, 428236),
 'httpcompression/response_bytes': 47577,
 'httpcompression/response_count': 1,
 'item_scraped_count': 1,
 'log_count/DEBUG': 2,
 'log_count/INFO': 7,
 'memusage/max': 51519488,
 'memusage/startup': 51519488,
 'response_received_count': 1,
 'scheduler/dequeued': 1,
 'scheduler/dequeued/memory': 1,
 'scheduler/enqueued': 1,
 'scheduler/enqueued/memory': 1,
 'start_time': datetime.datetime(2022, 3, 12, 5, 48, 41, 271236)}
2022-03-12 09:18:42 [scrapy] INFO: Spider closed (finished)
