2022-03-11 19:23:55 [scrapy] DEBUG: Crawled (200) <GET https://polymer-additives.specialchem.com//product/a-basf-tinuvin-xt-55> (referer: None)
2022-03-11 19:23:55 [scrapy] DEBUG: Scraped from <200 https://polymer-additives.specialchem.com//product/a-basf-tinuvin-xt-55>
{'products': [{'productName': 'Tinuvin速 XT 55', 'description': '\nTinuvin速 XT 55 by BASF is a hindered amine light stabilizer (HALS). It is a high-performance light stabilizer, which imparts outstanding weatherability to polyolefins. The main advantage of Tinuvin速 XT 55 UV & light stabilizer is its well-balanced property profile combining light and thermal stability with improved processing behavior, especially reduced water carry over during the production of tapes and monofilaments. Tinuvin速 XT 55 is a highly effective light stabilizer for polyolefins and other plastics featuring powerful long-term thermal stabilization performance. It protects polymers from UV radiation and preserves the original appearance and physical integrity during weathering. The recommended concentrations range between 0.05% and 1.5%, depends on the substrate and the performance requirements of the final application.\n'}], 'attributes': {None: 'Test Condition', 'Bulk Density': None, 'Melting Point': None}}
2022-03-11 19:23:55 [scrapy] INFO: Closing spider (finished)
2022-03-11 19:23:55 [scrapy] INFO: Dumping Scrapy stats:
{'downloader/request_bytes': 262,
 'downloader/request_count': 1,
 'downloader/request_method_count/GET': 1,
 'downloader/response_bytes': 12988,
 'downloader/response_count': 1,
 'downloader/response_status_count/200': 1,
 'elapsed_time_seconds': 0.913665,
 'finish_reason': 'finished',
 'finish_time': datetime.datetime(2022, 3, 11, 15, 53, 55, 630741),
 'httpcompression/response_bytes': 47577,
 'httpcompression/response_count': 1,
 'item_scraped_count': 1,
 'log_count/DEBUG': 2,
 'log_count/INFO': 7,
 'memusage/max': 59731968,
 'memusage/startup': 59731968,
 'response_received_count': 1,
 'scheduler/dequeued': 1,
 'scheduler/dequeued/memory': 1,
 'scheduler/enqueued': 1,
 'scheduler/enqueued/memory': 1,
 'start_time': datetime.datetime(2022, 3, 11, 15, 53, 54, 717076)}
2022-03-11 19:23:55 [scrapy] INFO: Spider closed (finished)
