2022-03-11 19:25:24 [scrapy] DEBUG: Crawled (200) <GET https://polymer-additives.specialchem.com//product/a-byk-byk-max-hs-4301> (referer: None)
2022-03-11 19:25:24 [scrapy] DEBUG: Scraped from <200 https://polymer-additives.specialchem.com//product/a-byk-byk-max-hs-4301>
{'products': [{'productName': 'BYK-MAX HS 4301', 'description': '\nBYK-MAX HS 4301 by BYK is a granulated, VOC-free, long-term thermal stabilizer for use in polypropylene compounds. It consists of a combination of thermal stabilizers. The thermal stabilizers inhibit thermo-oxidative decomposition by intercepting radicals and decomposing reactive peroxides. It also has a very positive influence on long-term heat aging (LTHA), which makes it possible to achieve the automotive standard specifications more easily. Depending on the glass fiber content, adding approx. 2% of the additive can achieve a long-term heat aging duration of 1200 hours at 150°C. It is recommended for long fiber-reinforced pellets for automotive parts, underbody paneling, screens and structural components. The recommended level is 2% additive (as supplied) based upon the total formulation for 20-30% glass fiber content and 2.6% additive (as supplied) based upon the total formulation for 40% glass fiber content. It is added via volumetric or gravimetric dosing units during processing in all extruders and injection molding machines. The shelf life of BYK-MAX HS 4301 is 12 months.\n'}], 'attributes': {None: 'Test Condition', 'Bulk Density': None, 'Active Content': None, 'Processing Temperature': None}}
2022-03-11 19:25:24 [scrapy] INFO: Closing spider (finished)
2022-03-11 19:25:24 [scrapy] INFO: Dumping Scrapy stats:
{'downloader/request_bytes': 263,
 'downloader/request_count': 1,
 'downloader/request_method_count/GET': 1,
 'downloader/response_bytes': 12198,
 'downloader/response_count': 1,
 'downloader/response_status_count/200': 1,
 'elapsed_time_seconds': 1.028596,
 'finish_reason': 'finished',
 'finish_time': datetime.datetime(2022, 3, 11, 15, 55, 24, 613478),
 'httpcompression/response_bytes': 43600,
 'httpcompression/response_count': 1,
 'item_scraped_count': 1,
 'log_count/DEBUG': 2,
 'log_count/INFO': 7,
 'memusage/max': 59731968,
 'memusage/startup': 59731968,
 'response_received_count': 1,
 'scheduler/dequeued': 1,
 'scheduler/dequeued/memory': 1,
 'scheduler/enqueued': 1,
 'scheduler/enqueued/memory': 1,
 'start_time': datetime.datetime(2022, 3, 11, 15, 55, 23, 584882)}
2022-03-11 19:25:24 [scrapy] INFO: Spider closed (finished)
