2022-03-11 18:58:40 [scrapy] DEBUG: Crawled (200) <GET https://polymer-additives.specialchem.com/product/a-kafrit-group-uva-06950-ld> (referer: None)
2022-03-11 18:58:40 [scrapy] DEBUG: Scraped from <200 https://polymer-additives.specialchem.com/product/a-kafrit-group-uva-06950-ld>
{'products': [{'productName': 'UVA 06950 LD', 'description': '\nBlend of poly-HALS, UVA and antioxidant. Is an UV light stabilizer masterbatch. Provides good UV blockage and antioxidant properties. It is specifically designed for films over 100 μ. Provides cost effective stabilization of greenhouse films. Its dosage rate is 2-5%.\n'}], 'attributes': {'Product Type': '\n', 'Chemical Composition': '\nBlend of poly-HALS, UVA and antioxidant\n', 'Masterbatch': '\nYes\n'}}
2022-03-11 18:58:40 [scrapy] INFO: Closing spider (finished)
2022-03-11 18:58:40 [scrapy] INFO: Dumping Scrapy stats:
{'downloader/request_bytes': 268,
 'downloader/request_count': 1,
 'downloader/request_method_count/GET': 1,
 'downloader/response_bytes': 11665,
 'downloader/response_count': 1,
 'downloader/response_status_count/200': 1,
 'elapsed_time_seconds': 1.110685,
 'finish_reason': 'finished',
 'finish_time': datetime.datetime(2022, 3, 11, 15, 28, 40, 933148),
 'httpcompression/response_bytes': 37732,
 'httpcompression/response_count': 1,
 'item_scraped_count': 1,
 'log_count/DEBUG': 2,
 'log_count/INFO': 7,
 'memusage/max': 54603776,
 'memusage/startup': 54603776,
 'response_received_count': 1,
 'scheduler/dequeued': 1,
 'scheduler/dequeued/memory': 1,
 'scheduler/enqueued': 1,
 'scheduler/enqueued/memory': 1,
 'start_time': datetime.datetime(2022, 3, 11, 15, 28, 39, 822463)}
2022-03-11 18:58:40 [scrapy] INFO: Spider closed (finished)
