2022-03-12 09:26:04 [scrapy] DEBUG: Crawled (200) <GET https://polymer-additives.specialchem.com//product/a-keeneyes-industrial-at-1010-tin-free> (referer: None)
2022-03-12 09:26:04 [scrapy] DEBUG: Scraped from <200 https://polymer-additives.specialchem.com//product/a-keeneyes-industrial-at-1010-tin-free>
{'products': [{'productName': 'AT 1010 (Tin free)', 'description': '\nTetrakis [methylene (3,5-di-tert-butyl- 4-hydroxyhydrocinnamate)] methane. It acts as a sterically hindered phenolic antioxidant. Applicable for polyethylene, polypropylene and PP compounds.\n'}], 'attributes': {'Product Type': '\nAntioxidants > Phenolics\n', 'Chemical Composition': '\nTetrakis [methylene (3,5-di-tert-butyl- 4-hydroxyhydrocinnamate)] methane\n', 'CAS Number': '\n6683-19-8\n'}}
2022-03-12 09:26:04 [scrapy] INFO: Closing spider (finished)
2022-03-12 09:26:04 [scrapy] INFO: Dumping Scrapy stats:
{'downloader/request_bytes': 280,
 'downloader/request_count': 1,
 'downloader/request_method_count/GET': 1,
 'downloader/response_bytes': 12344,
 'downloader/response_count': 1,
 'downloader/response_status_count/200': 1,
 'elapsed_time_seconds': 1.145818,
 'finish_reason': 'finished',
 'finish_time': datetime.datetime(2022, 3, 12, 5, 56, 4, 176951),
 'httpcompression/response_bytes': 40859,
 'httpcompression/response_count': 1,
 'item_scraped_count': 1,
 'log_count/DEBUG': 2,
 'log_count/INFO': 7,
 'memusage/max': 73531392,
 'memusage/startup': 73531392,
 'response_received_count': 1,
 'scheduler/dequeued': 1,
 'scheduler/dequeued/memory': 1,
 'scheduler/enqueued': 1,
 'scheduler/enqueued/memory': 1,
 'start_time': datetime.datetime(2022, 3, 12, 5, 56, 3, 31133)}
2022-03-12 09:26:04 [scrapy] INFO: Spider closed (finished)
