2022-03-12 09:35:58 [scrapy] DEBUG: Crawled (200) <GET https://polymer-additives.specialchem.com//product/a-anhui-elite-industrial-nzno50> (referer: None)
2022-03-12 09:35:58 [scrapy] DEBUG: Scraped from <200 https://polymer-additives.specialchem.com//product/a-anhui-elite-industrial-nzno50>
{'products': [{'productName': 'NZno50', 'description': '\nNZno50 by Anhui Elite Industrial is a nano zinc oxide powder. It offers excellent anti-UV and anti-bacterial property to plastic to improve its brightness, mechanism strength, heat resistance, anti-aging and wear resistance. It can also be used with plastic to enhance compactness and smoothness. NZno50 is recommended for rubber, car tire, cable industry and aircraft tire.\n'}], 'attributes': {'Product Type': '\n', 'Chemical Composition': '\nZinc oxide\n', 'Physical Form': '\nPowder\n'}}
2022-03-12 09:35:58 [scrapy] INFO: Closing spider (finished)
2022-03-12 09:35:58 [scrapy] INFO: Dumping Scrapy stats:
{'downloader/request_bytes': 273,
 'downloader/request_count': 1,
 'downloader/request_method_count/GET': 1,
 'downloader/response_bytes': 11511,
 'downloader/response_count': 1,
 'downloader/response_status_count/200': 1,
 'elapsed_time_seconds': 1.066389,
 'finish_reason': 'finished',
 'finish_time': datetime.datetime(2022, 3, 12, 6, 5, 58, 789229),
 'httpcompression/response_bytes': 37261,
 'httpcompression/response_count': 1,
 'item_scraped_count': 1,
 'log_count/DEBUG': 2,
 'log_count/INFO': 7,
 'memusage/max': 73699328,
 'memusage/startup': 73699328,
 'response_received_count': 1,
 'scheduler/dequeued': 1,
 'scheduler/dequeued/memory': 1,
 'scheduler/enqueued': 1,
 'scheduler/enqueued/memory': 1,
 'start_time': datetime.datetime(2022, 3, 12, 6, 5, 57, 722840)}
2022-03-12 09:35:58 [scrapy] INFO: Spider closed (finished)
