2022-03-12 09:30:19 [scrapy] DEBUG: Crawled (200) <GET https://polymer-additives.specialchem.com//product/m-covestro-multranol-8114> (referer: None)
2022-03-12 09:30:19 [scrapy] DEBUG: Scraped from <200 https://polymer-additives.specialchem.com//product/m-covestro-multranol-8114>
{'products': [{'productName': 'Multranol® 8114', 'description': '\nMultranol® 8114 by Covestro is a general-purpose aromatic amine-initiated polyether polyol. It is used in variety of insulation applications where flow is important, such as refrigerated transportation vehicles, residential entry doors, water heaters and portable coolers. Multranol® 8114 is also designed for the manufacturing of rigid polyurethane foams. It has a shelf life of 12 months.\n'}], 'attributes': {'Product Type': '\nPolyols > Polyether Polyols\n', 'Chemical Composition': '\nAromatic amine-initiated polyether polyol\n', 'Physical Form': '\nLiquid, Viscous\n'}}
2022-03-12 09:30:19 [scrapy] INFO: Closing spider (finished)
2022-03-12 09:30:19 [scrapy] INFO: Dumping Scrapy stats:
{'downloader/request_bytes': 267,
 'downloader/request_count': 1,
 'downloader/request_method_count/GET': 1,
 'downloader/response_bytes': 11677,
 'downloader/response_count': 1,
 'downloader/response_status_count/200': 1,
 'elapsed_time_seconds': 1.417077,
 'finish_reason': 'finished',
 'finish_time': datetime.datetime(2022, 3, 12, 6, 0, 19, 770741),
 'httpcompression/response_bytes': 38059,
 'httpcompression/response_count': 1,
 'item_scraped_count': 1,
 'log_count/DEBUG': 2,
 'log_count/INFO': 7,
 'memusage/max': 73531392,
 'memusage/startup': 73531392,
 'response_received_count': 1,
 'scheduler/dequeued': 1,
 'scheduler/dequeued/memory': 1,
 'scheduler/enqueued': 1,
 'scheduler/enqueued/memory': 1,
 'start_time': datetime.datetime(2022, 3, 12, 6, 0, 18, 353664)}
2022-03-12 09:30:19 [scrapy] INFO: Spider closed (finished)
