2022-03-11 18:54:28 [scrapy] DEBUG: Crawled (200) <GET https://polymer-additives.specialchem.com/product/a-plastiblends-polynox-04013> (referer: None)
2022-03-11 18:54:28 [scrapy] ERROR: Spider error processing <GET https://polymer-additives.specialchem.com/product/a-plastiblends-polynox-04013> (referer: None)
Traceback (most recent call last):
  File "/usr/local/lib/python3.9/site-packages/scrapy/utils/defer.py", line 120, in iter_errback
    yield next(it)
  File "/usr/local/lib/python3.9/site-packages/scrapy/utils/python.py", line 353, in __next__
    return next(self.data)
  File "/usr/local/lib/python3.9/site-packages/scrapy/utils/python.py", line 353, in __next__
    return next(self.data)
  File "/usr/local/lib/python3.9/site-packages/scrapy/core/spidermw.py", line 56, in _evaluate_iterable
    for r in iterable:
  File "/usr/local/lib/python3.9/site-packages/scrapy/spidermiddlewares/offsite.py", line 29, in process_spider_output
    for x in result:
  File "/usr/local/lib/python3.9/site-packages/scrapy/core/spidermw.py", line 56, in _evaluate_iterable
    for r in iterable:
  File "/usr/local/lib/python3.9/site-packages/scrapy/spidermiddlewares/referer.py", line 342, in <genexpr>
    return (_set_referer(r) for r in result or ())
  File "/usr/local/lib/python3.9/site-packages/scrapy/core/spidermw.py", line 56, in _evaluate_iterable
    for r in iterable:
  File "/usr/local/lib/python3.9/site-packages/scrapy/spidermiddlewares/urllength.py", line 40, in <genexpr>
    return (r for r in result or () if _filter(r))
  File "/usr/local/lib/python3.9/site-packages/scrapy/core/spidermw.py", line 56, in _evaluate_iterable
    for r in iterable:
  File "/usr/local/lib/python3.9/site-packages/scrapy/spidermiddlewares/depth.py", line 58, in <genexpr>
    return (r for r in result or () if _filter(r))
  File "/usr/local/lib/python3.9/site-packages/scrapy/core/spidermw.py", line 56, in _evaluate_iterable
    for r in iterable:
  File "/Users/amirhosseinkhodaei/Desktop/Projects/scrapyAPI/MyScraper/MyScraper/spiders/productDetail.py", line 20, in parse
    attributes[attr.css('.tr div strong::text').get()] = attr.css('.tr div strong::text')[1].get()
  File "/usr/local/lib/python3.9/site-packages/parsel/selector.py", line 70, in __getitem__
    o = super(SelectorList, self).__getitem__(pos)
IndexError: list index out of range
2022-03-11 18:54:28 [scrapy] INFO: Closing spider (finished)
2022-03-11 18:54:28 [scrapy] INFO: Dumping Scrapy stats:
{'downloader/request_bytes': 269,
 'downloader/request_count': 1,
 'downloader/request_method_count/GET': 1,
 'downloader/response_bytes': 11776,
 'downloader/response_count': 1,
 'downloader/response_status_count/200': 1,
 'elapsed_time_seconds': 1.12866,
 'finish_reason': 'finished',
 'finish_time': datetime.datetime(2022, 3, 11, 15, 24, 28, 314710),
 'httpcompression/response_bytes': 38894,
 'httpcompression/response_count': 1,
 'log_count/DEBUG': 1,
 'log_count/ERROR': 1,
 'log_count/INFO': 7,
 'memusage/max': 54566912,
 'memusage/startup': 54562816,
 'response_received_count': 1,
 'scheduler/dequeued': 1,
 'scheduler/dequeued/memory': 1,
 'scheduler/enqueued': 1,
 'scheduler/enqueued/memory': 1,
 'spider_exceptions/IndexError': 1,
 'start_time': datetime.datetime(2022, 3, 11, 15, 24, 27, 186050)}
2022-03-11 18:54:28 [scrapy] INFO: Spider closed (finished)
