2022-03-12 09:24:41 [scrapy] DEBUG: Crawled (200) <GET https://polymer-additives.specialchem.com//product/a-adeka-polymer-additives-europe-adk-stab-a-514> (referer: None)
2022-03-12 09:24:41 [scrapy] DEBUG: Scraped from <200 https://polymer-additives.specialchem.com//product/a-adeka-polymer-additives-europe-adk-stab-a-514>
{'products': [{'productName': 'ADK STAB A-514', 'description': '\nADK STAB A-514 by ADEKA Polymer Additives Europe is a synergistic antioxidant blend. It is suitable for processing and long term thermal stabilization for all plastics. ADK STAB A-514 is recommended for PS, ABS, PC/ABS, PP, LDPE, LLDPE and HDPE. Its dosing rate will depend on a number of factors including the application, the degree of protection required and the effect of other additives.\n'}], 'attributes': {'Product Type': '\nAntioxidants > Blends\n', 'Physical Form': '\nPowder\n', 'Appearance': '\nWhite\n'}}
2022-03-12 09:24:41 [scrapy] INFO: Closing spider (finished)
2022-03-12 09:24:41 [scrapy] INFO: Dumping Scrapy stats:
{'downloader/request_bytes': 289,
 'downloader/request_count': 1,
 'downloader/request_method_count/GET': 1,
 'downloader/response_bytes': 11716,
 'downloader/response_count': 1,
 'downloader/response_status_count/200': 1,
 'elapsed_time_seconds': 1.095908,
 'finish_reason': 'finished',
 'finish_time': datetime.datetime(2022, 3, 12, 5, 54, 41, 709994),
 'httpcompression/response_bytes': 38457,
 'httpcompression/response_count': 1,
 'item_scraped_count': 1,
 'log_count/DEBUG': 2,
 'log_count/INFO': 7,
 'memusage/max': 73531392,
 'memusage/startup': 73531392,
 'response_received_count': 1,
 'scheduler/dequeued': 1,
 'scheduler/dequeued/memory': 1,
 'scheduler/enqueued': 1,
 'scheduler/enqueued/memory': 1,
 'start_time': datetime.datetime(2022, 3, 12, 5, 54, 40, 614086)}
2022-03-12 09:24:41 [scrapy] INFO: Spider closed (finished)
