2022-03-11 18:35:36 [scrapy] DEBUG: Crawled (200) <GET https://polymer-additives.specialchem.com/product/a-plastiblends-polynox-04013> (referer: None)
2022-03-11 18:35:36 [scrapy] DEBUG: Scraped from <200 https://polymer-additives.specialchem.com/product/a-plastiblends-polynox-04013>
{'products': [{'productName': 'POLYNOX 04013'}]}
2022-03-11 18:35:36 [scrapy] INFO: Closing spider (finished)
2022-03-11 18:35:36 [scrapy] INFO: Dumping Scrapy stats:
{'downloader/request_bytes': 269,
 'downloader/request_count': 1,
 'downloader/request_method_count/GET': 1,
 'downloader/response_bytes': 11792,
 'downloader/response_count': 1,
 'downloader/response_status_count/200': 1,
 'elapsed_time_seconds': 1.323376,
 'finish_reason': 'finished',
 'finish_time': datetime.datetime(2022, 3, 11, 15, 5, 36, 215779),
 'httpcompression/response_bytes': 38894,
 'httpcompression/response_count': 1,
 'item_scraped_count': 1,
 'log_count/DEBUG': 2,
 'log_count/INFO': 7,
 'memusage/max': 55660544,
 'memusage/startup': 55660544,
 'response_received_count': 1,
 'scheduler/dequeued': 1,
 'scheduler/dequeued/memory': 1,
 'scheduler/enqueued': 1,
 'scheduler/enqueued/memory': 1,
 'start_time': datetime.datetime(2022, 3, 11, 15, 5, 34, 892403)}
2022-03-11 18:35:36 [scrapy] INFO: Spider closed (finished)
