2022-03-11 19:18:52 [scrapy] DEBUG: Crawled (200) <GET https://polymer-additives.specialchem.com/product/a-kafrit-group-uva-06950-ld> (referer: None)
2022-03-11 19:18:52 [scrapy] DEBUG: Scraped from <200 https://polymer-additives.specialchem.com/product/a-kafrit-group-uva-06950-ld>
{'products': [{'productName': 'UVA 06950 LD', 'description': '\nBlend of poly-HALS, UVA and antioxidant. Is an UV light stabilizer masterbatch. Provides good UV blockage and antioxidant properties. It is specifically designed for films over 100 μ. Provides cost effective stabilization of greenhouse films. Its dosage rate is 2-5%.\n'}], 'attributes': {'Product Type': '\n', 'Chemical Composition': '\nBlend of poly-HALS, UVA and antioxidant\n', 'Masterbatch': '\nYes\n'}}
2022-03-11 19:18:53 [scrapy] DEBUG: Crawled (200) <GET https://polymer-additives.specialchem.com//product/a-basf-chimassorb-2020> (referer: None)
2022-03-11 19:18:53 [scrapy] DEBUG: Scraped from <200 https://polymer-additives.specialchem.com//product/a-basf-chimassorb-2020>
{'products': [{'productName': 'Chimassorb® 2020', 'description': '\nChimassorb® 2020 by BASF is a high molecular weight hindered amine light stabilizer (HALS). Offers an optimal combination of exceptional levels of UV- and long-term thermal stability and ancillary properties such as minimal pigment interaction and improved melt flow control. Chimassorb® 2020 is a highly effective light stabilizer for polyolefins (PP, PE), olefin copolymers such as EVA as well as blends of polypropylene with elastomers. In certain instances, it is effective in polyacetals, polyamides, polyurethanes, flexible and rigid PVC as well as PVC blends and in certain styrenic elastomer. Chimassorb® 2020 shows excellent polymer compatibility and high extraction resistance. Its recommended dosage level is 0.05-1.4%.\n'}], 'attributes': {None: 'Test Condition', 'Melting Point': None, 'Molecular Weight': None, 'Specific Gravity': None}}
2022-03-11 19:18:53 [scrapy] INFO: Closing spider (finished)
2022-03-11 19:18:53 [scrapy] INFO: Dumping Scrapy stats:
{'downloader/request_bytes': 734,
 'downloader/request_count': 2,
 'downloader/request_method_count/GET': 2,
 'downloader/response_bytes': 24907,
 'downloader/response_count': 2,
 'downloader/response_status_count/200': 2,
 'elapsed_time_seconds': 1.821523,
 'finish_reason': 'finished',
 'finish_time': datetime.datetime(2022, 3, 11, 15, 48, 53, 138848),
 'httpcompression/response_bytes': 90900,
 'httpcompression/response_count': 2,
 'item_scraped_count': 2,
 'log_count/DEBUG': 4,
 'log_count/INFO': 7,
 'memusage/max': 69300224,
 'memusage/startup': 69300224,
 'response_received_count': 2,
 'scheduler/dequeued': 2,
 'scheduler/dequeued/memory': 2,
 'scheduler/enqueued': 2,
 'scheduler/enqueued/memory': 2,
 'start_time': datetime.datetime(2022, 3, 11, 15, 48, 51, 317325)}
2022-03-11 19:18:53 [scrapy] INFO: Spider closed (finished)
