2022-03-11 18:36:47 [scrapy] DEBUG: Retrying <GET https://polymer-additives.specialchem.com/product/a-plastiblends-polynox-04013> (failed 1 times): TCP connection timed out: 60: Operation timed out.
2022-03-11 18:36:48 [scrapy] DEBUG: Crawled (200) <GET https://polymer-additives.specialchem.com/product/a-plastiblends-polynox-04013> (referer: None)
2022-03-11 18:36:48 [scrapy] DEBUG: Scraped from <200 https://polymer-additives.specialchem.com/product/a-plastiblends-polynox-04013>
{'products': [{'productName': 'POLYNOX 04013'}]}
2022-03-11 18:36:48 [scrapy] INFO: Closing spider (finished)
2022-03-11 18:36:48 [scrapy] INFO: Dumping Scrapy stats:
{'downloader/exception_count': 1,
 'downloader/exception_type_count/twisted.internet.error.TCPTimedOutError': 1,
 'downloader/request_bytes': 538,
 'downloader/request_count': 2,
 'downloader/request_method_count/GET': 2,
 'downloader/response_bytes': 11773,
 'downloader/response_count': 1,
 'downloader/response_status_count/200': 1,
 'elapsed_time_seconds': 75.972857,
 'finish_reason': 'finished',
 'finish_time': datetime.datetime(2022, 3, 11, 15, 6, 48, 688090),
 'httpcompression/response_bytes': 38871,
 'httpcompression/response_count': 1,
 'item_scraped_count': 1,
 'log_count/DEBUG': 8,
 'log_count/INFO': 19,
 'memusage/max': 58212352,
 'memusage/startup': 55398400,
 'response_received_count': 1,
 'retry/count': 1,
 'retry/reason_count/twisted.internet.error.TCPTimedOutError': 1,
 'scheduler/dequeued': 2,
 'scheduler/dequeued/memory': 2,
 'scheduler/enqueued': 2,
 'scheduler/enqueued/memory': 2,
 'start_time': datetime.datetime(2022, 3, 11, 15, 5, 32, 715233)}
2022-03-11 18:36:48 [scrapy] INFO: Spider closed (finished)
