2022-03-11 18:51:21 [scrapy] DEBUG: Crawled (200) <GET https://polymer-additives.specialchem.com/product/a-plastiblends-polynox-04013> (referer: None)
2022-03-11 18:51:21 [scrapy] DEBUG: Scraped from <200 https://polymer-additives.specialchem.com/product/a-plastiblends-polynox-04013>
{'products': [{'productName': 'POLYNOX 04013', 'description': '\nAntioxidant masterbatch carried in a PE (polyethylene) resin. It improves processability and reduces thermal degradation during melting and high temperature processing. Prevents embrittlement occurring due to high melting temperature. Minimizes gel formation occurring due to oxidation during melting. Improves processability of regrind. Prevents yellowing of plastics. Increases OIT in HDPE (high-density polyethylene) pipes. Applications include reprocessed PE (polyethylene), PP (polypropylene), greenhouse films and mulch films. Complies with food contact approval.\n'}], 'attributes': {'ss': '<'}}
2022-03-11 18:51:21 [scrapy] INFO: Closing spider (finished)
2022-03-11 18:51:21 [scrapy] INFO: Dumping Scrapy stats:
{'downloader/request_bytes': 269,
 'downloader/request_count': 1,
 'downloader/request_method_count/GET': 1,
 'downloader/response_bytes': 11766,
 'downloader/response_count': 1,
 'downloader/response_status_count/200': 1,
 'elapsed_time_seconds': 1.149477,
 'finish_reason': 'finished',
 'finish_time': datetime.datetime(2022, 3, 11, 15, 21, 21, 407577),
 'httpcompression/response_bytes': 38870,
 'httpcompression/response_count': 1,
 'item_scraped_count': 1,
 'log_count/DEBUG': 2,
 'log_count/INFO': 7,
 'memusage/max': 54525952,
 'memusage/startup': 54521856,
 'response_received_count': 1,
 'scheduler/dequeued': 1,
 'scheduler/dequeued/memory': 1,
 'scheduler/enqueued': 1,
 'scheduler/enqueued/memory': 1,
 'start_time': datetime.datetime(2022, 3, 11, 15, 21, 20, 258100)}
2022-03-11 18:51:21 [scrapy] INFO: Spider closed (finished)
