2022-03-12 09:26:53 [scrapy] DEBUG: Crawled (200) <GET https://polymer-additives.specialchem.com//product/a-basf-irgastab-cable-kv10> (referer: None)
2022-03-12 09:26:53 [scrapy] DEBUG: Scraped from <200 https://polymer-additives.specialchem.com//product/a-basf-irgastab-cable-kv10>
{'products': [{'productName': 'Irgastab® Cable KV10', 'description': '\nIrgastab® Cable KV10 by BASF is a high performance, primary (phenolic) antioxidant and heat stabilizer for polyethylene-based wire and cable applications. It provides high efficient processing and long-term heat aging stability combined with excellent system compatibility. This sulphur-containing grade performs highest scorch resistance and simultaneously has low impact on crosslinking efficiency. Irgastab® Cable KV10 is highly effective at low levels and can be used alone without costabilizers. Recommended usage levels range between 0.05% and 0.3%.\n'}], 'attributes': {'Product Type': '\n', 'Chemical Composition': '\n4,6-bis (octylthiomethyl) -o-cresol\n', 'CAS Number': '\n110553-27-0\n', 'Masterbatch': '\nNo\n', 'Physical Form': '\nLiquid\n', 'Appearance': '\nYellow, Pale, low viscous\n', 'Product Status': '\nCOMMERCIAL\n', 'Applications/ Recommended for': '\n', 'Food contact approval': '\nYes\n'}}
2022-03-12 09:26:53 [scrapy] INFO: Closing spider (finished)
2022-03-12 09:26:53 [scrapy] INFO: Dumping Scrapy stats:
{'downloader/request_bytes': 268,
 'downloader/request_count': 1,
 'downloader/request_method_count/GET': 1,
 'downloader/response_bytes': 13194,
 'downloader/response_count': 1,
 'downloader/response_status_count/200': 1,
 'elapsed_time_seconds': 0.883389,
 'finish_reason': 'finished',
 'finish_time': datetime.datetime(2022, 3, 12, 5, 56, 53, 871047),
 'httpcompression/response_bytes': 48485,
 'httpcompression/response_count': 1,
 'item_scraped_count': 1,
 'log_count/DEBUG': 2,
 'log_count/INFO': 7,
 'memusage/max': 73531392,
 'memusage/startup': 73531392,
 'response_received_count': 1,
 'scheduler/dequeued': 1,
 'scheduler/dequeued/memory': 1,
 'scheduler/enqueued': 1,
 'scheduler/enqueued/memory': 1,
 'start_time': datetime.datetime(2022, 3, 12, 5, 56, 52, 987658)}
2022-03-12 09:26:53 [scrapy] INFO: Spider closed (finished)
