2022-03-11 18:37:20 [scrapy] DEBUG: Crawled (200) <GET https://polymer-additives.specialchem.com/product/a-plastiblends-polynox-04013> (referer: None)
2022-03-11 18:37:20 [scrapy] DEBUG: Scraped from <200 https://polymer-additives.specialchem.com/product/a-plastiblends-polynox-04013>
{'products': [{'productName': 'POLYNOX 04013'}]}
2022-03-11 18:37:20 [scrapy] INFO: Closing spider (finished)
2022-03-11 18:37:20 [scrapy] INFO: Dumping Scrapy stats:
{'downloader/request_bytes': 269,
 'downloader/request_count': 1,
 'downloader/request_method_count/GET': 1,
 'downloader/response_bytes': 11767,
 'downloader/response_count': 1,
 'downloader/response_status_count/200': 1,
 'elapsed_time_seconds': 0.844962,
 'finish_reason': 'finished',
 'finish_time': datetime.datetime(2022, 3, 11, 15, 7, 20, 236181),
 'httpcompression/response_bytes': 38870,
 'httpcompression/response_count': 1,
 'item_scraped_count': 1,
 'log_count/DEBUG': 2,
 'log_count/INFO': 7,
 'memusage/max': 59424768,
 'memusage/startup': 59424768,
 'response_received_count': 1,
 'scheduler/dequeued': 1,
 'scheduler/dequeued/memory': 1,
 'scheduler/enqueued': 1,
 'scheduler/enqueued/memory': 1,
 'start_time': datetime.datetime(2022, 3, 11, 15, 7, 19, 391219)}
2022-03-11 18:37:20 [scrapy] INFO: Spider closed (finished)
