2022-03-11 20:51:18 [scrapy] DEBUG: Crawled (200) <GET https://polymer-additives.specialchem.com//product/a-basf-chimassorb-2020> (referer: None)
2022-03-11 20:51:18 [scrapy] DEBUG: Scraped from <200 https://polymer-additives.specialchem.com//product/a-basf-chimassorb-2020>
{'products': [{'productName': 'Chimassorb® 2020', 'description': '\nChimassorb® 2020 by BASF is a high molecular weight hindered amine light stabilizer (HALS). Offers an optimal combination of exceptional levels of UV- and long-term thermal stability and ancillary properties such as minimal pigment interaction and improved melt flow control. Chimassorb® 2020 is a highly effective light stabilizer for polyolefins (PP, PE), olefin copolymers such as EVA as well as blends of polypropylene with elastomers. In certain instances, it is effective in polyacetals, polyamides, polyurethanes, flexible and rigid PVC as well as PVC blends and in certain styrenic elastomer. Chimassorb® 2020 shows excellent polymer compatibility and high extraction resistance. Its recommended dosage level is 0.05-1.4%.\n'}], 'attributes': {'Product Type': '\n', 'Chemical Composition': '\n1,6-Hexanediamine, N,N’-bis(2,2,6,6-tetramethyl-4-piperidinyl)-polymer with 2,4,6-trichloro-1,3,5-triazine, reaction products with N-butyl-1-butanamine and N-butyl-2,2,6,6-tetramethyl-4-piperidinamine\n', 'CAS Number': '\n192268-64-7\n', 'Physical Form': '\nGranules\n', 'Appearance': '\nYellow\n', 'Product Status': '\nCOMMERCIAL\n', 'Applications/ Recommended for': '\n'}}
2022-03-11 20:51:18 [scrapy] INFO: Closing spider (finished)
2022-03-11 20:51:18 [scrapy] INFO: Dumping Scrapy stats:
{'downloader/request_bytes': 264,
 'downloader/request_count': 1,
 'downloader/request_method_count/GET': 1,
 'downloader/response_bytes': 13678,
 'downloader/response_count': 1,
 'downloader/response_status_count/200': 1,
 'elapsed_time_seconds': 1.452673,
 'finish_reason': 'finished',
 'finish_time': datetime.datetime(2022, 3, 11, 17, 21, 18, 370527),
 'httpcompression/response_bytes': 52813,
 'httpcompression/response_count': 1,
 'item_scraped_count': 1,
 'log_count/DEBUG': 2,
 'log_count/INFO': 7,
 'memusage/max': 80117760,
 'memusage/startup': 80117760,
 'response_received_count': 1,
 'scheduler/dequeued': 1,
 'scheduler/dequeued/memory': 1,
 'scheduler/enqueued': 1,
 'scheduler/enqueued/memory': 1,
 'start_time': datetime.datetime(2022, 3, 11, 17, 21, 16, 917854)}
2022-03-11 20:51:18 [scrapy] INFO: Spider closed (finished)
