2022-03-09 15:29:39 [scrapy] DEBUG: Crawled (200) <GET https://polymer-additives.specialchem.com/Ajax/UniversalSelectorFiltersPopin?facet=%7B806E2FFA-2F53-49AB-A9C8-600CD7E573EF%7D> (referer: None)
2022-03-09 15:29:39 [scrapy] DEBUG: Scraped from <200 https://polymer-additives.specialchem.com/Ajax/UniversalSelectorFiltersPopin?facet=%7B806E2FFA-2F53-49AB-A9C8-600CD7E573EF%7D>
{'paginate': {}, 'products': []}
2022-03-09 15:29:39 [scrapy] INFO: Closing spider (finished)
2022-03-09 15:29:39 [scrapy] INFO: Dumping Scrapy stats:
{'downloader/request_bytes': 316,
 'downloader/request_count': 1,
 'downloader/request_method_count/GET': 1,
 'downloader/response_bytes': 4545,
 'downloader/response_count': 1,
 'downloader/response_status_count/200': 1,
 'elapsed_time_seconds': 0.772947,
 'finish_reason': 'finished',
 'finish_time': datetime.datetime(2022, 3, 9, 11, 59, 39, 460854),
 'httpcompression/response_bytes': 7596,
 'httpcompression/response_count': 1,
 'item_scraped_count': 1,
 'log_count/DEBUG': 2,
 'log_count/INFO': 7,
 'memusage/max': 59666432,
 'memusage/startup': 59666432,
 'response_received_count': 1,
 'scheduler/dequeued': 1,
 'scheduler/dequeued/memory': 1,
 'scheduler/enqueued': 1,
 'scheduler/enqueued/memory': 1,
 'start_time': datetime.datetime(2022, 3, 9, 11, 59, 38, 687907)}
2022-03-09 15:29:39 [scrapy] INFO: Spider closed (finished)
